2022-10-27 20:12:18.150 [main] INFO  o.s.b.t.context.SpringBootTestContextBootstrapper - Neither @ContextConfiguration nor @ContextHierarchy found for test class [com.weiho.scaffold.system.service.impl.UserServiceImplTest], using SpringBootContextLoader
2022-10-27 20:12:18.163 [main] INFO  o.s.test.context.support.AbstractContextLoader - Could not detect default resource locations for test class [com.weiho.scaffold.system.service.impl.UserServiceImplTest]: no resource found for suffixes {-context.xml, Context.groovy}.
2022-10-27 20:12:18.164 [main] INFO  o.s.t.c.support.AnnotationConfigContextLoaderUtils - Could not detect default configuration classes for test class [com.weiho.scaffold.system.service.impl.UserServiceImplTest]: UserServiceImplTest does not declare any static, non-private, non-final, nested classes annotated with @Configuration.
2022-10-27 20:12:18.430 [main] INFO  o.s.b.t.context.SpringBootTestContextBootstrapper - Found @SpringBootConfiguration com.weiho.scaffold.system.AppRun for test class com.weiho.scaffold.system.service.impl.UserServiceImplTest
2022-10-27 20:12:18.588 [main] INFO  o.s.b.t.context.SpringBootTestContextBootstrapper - Loaded default TestExecutionListener class names from location [META-INF/spring.factories]: [org.springframework.boot.test.mock.mockito.MockitoTestExecutionListener, org.springframework.boot.test.mock.mockito.ResetMocksTestExecutionListener, org.springframework.boot.test.autoconfigure.restdocs.RestDocsTestExecutionListener, org.springframework.boot.test.autoconfigure.web.client.MockRestServiceServerResetTestExecutionListener, org.springframework.boot.test.autoconfigure.web.servlet.MockMvcPrintOnlyOnFailureTestExecutionListener, org.springframework.boot.test.autoconfigure.web.servlet.WebDriverTestExecutionListener, org.springframework.boot.test.autoconfigure.webservices.client.MockWebServiceServerTestExecutionListener, org.springframework.test.context.web.ServletTestExecutionListener, org.springframework.test.context.support.DirtiesContextBeforeModesTestExecutionListener, org.springframework.test.context.event.ApplicationEventsTestExecutionListener, org.springframework.test.context.support.DependencyInjectionTestExecutionListener, org.springframework.test.context.support.DirtiesContextTestExecutionListener, org.springframework.test.context.transaction.TransactionalTestExecutionListener, org.springframework.test.context.jdbc.SqlScriptsTestExecutionListener, org.springframework.test.context.event.EventPublishingTestExecutionListener, org.springframework.security.test.context.support.WithSecurityContextTestExecutionListener, org.springframework.security.test.context.support.ReactorContextTestExecutionListener]
2022-10-27 20:12:18.627 [main] INFO  o.s.b.t.context.SpringBootTestContextBootstrapper - Using TestExecutionListeners: [org.springframework.test.context.web.ServletTestExecutionListener@1f3f02ee, org.springframework.test.context.support.DirtiesContextBeforeModesTestExecutionListener@1fde5d22, org.springframework.test.context.event.ApplicationEventsTestExecutionListener@5dcb4f5f, org.springframework.boot.test.mock.mockito.MockitoTestExecutionListener@71812481, org.springframework.boot.test.autoconfigure.SpringBootDependencyInjectionTestExecutionListener@16ce702d, org.springframework.test.context.support.DirtiesContextTestExecutionListener@7b94089b, org.springframework.test.context.transaction.TransactionalTestExecutionListener@7ca20101, org.springframework.test.context.jdbc.SqlScriptsTestExecutionListener@47f9738, org.springframework.test.context.event.EventPublishingTestExecutionListener@6155d082, org.springframework.security.test.context.support.WithSecurityContextTestExecutionListener@3a5ecce3, org.springframework.security.test.context.support.ReactorContextTestExecutionListener@561868a0, org.springframework.boot.test.mock.mockito.ResetMocksTestExecutionListener@2ea6e30c, org.springframework.boot.test.autoconfigure.restdocs.RestDocsTestExecutionListener@6138e79a, org.springframework.boot.test.autoconfigure.web.client.MockRestServiceServerResetTestExecutionListener@2dcd168a, org.springframework.boot.test.autoconfigure.web.servlet.MockMvcPrintOnlyOnFailureTestExecutionListener@388526fb, org.springframework.boot.test.autoconfigure.web.servlet.WebDriverTestExecutionListener@21a21c64, org.springframework.boot.test.autoconfigure.webservices.client.MockWebServiceServerTestExecutionListener@7803bfd]
2022-10-27 20:12:19.167 [background-preinit] INFO  org.hibernate.validator.internal.util.Version - HV000001: Hibernate Validator 6.2.3.Final
2022-10-27 20:12:19.179 [main] INFO  c.w.s.system.service.impl.UserServiceImplTest - Starting UserServiceImplTest using Java 1.8.0_144 on LAPTOP-SR0899OB with PID 22112 (started by Weiho in E:\Graduation_ChouChou\Scaffold-Weiho\Scaffold\scaffold-system)
2022-10-27 20:12:19.179 [main] DEBUG c.w.s.system.service.impl.UserServiceImplTest - Running with Spring Boot v2.7.0, Spring v5.3.20
2022-10-27 20:12:19.180 [main] INFO  c.w.s.system.service.impl.UserServiceImplTest - No active profile set, falling back to 1 default profile: "default"
2022-10-27 20:12:22.359 [main] INFO  o.s.d.r.config.RepositoryConfigurationDelegate - Multiple Spring Data modules found, entering strict repository configuration mode!
2022-10-27 20:12:22.364 [main] INFO  o.s.d.r.config.RepositoryConfigurationDelegate - Bootstrapping Spring Data Redis repositories in DEFAULT mode.
2022-10-27 20:12:22.414 [main] INFO  o.s.d.r.config.RepositoryConfigurationDelegate - Finished Spring Data repository scanning in 30 ms. Found 0 Redis repository interfaces.
2022-10-27 20:12:25.353 [main] INFO  o.s.boot.web.embedded.tomcat.TomcatWebServer - Tomcat initialized with port(s): 0 (http)
2022-10-27 20:12:25.368 [main] INFO  org.apache.coyote.http11.Http11NioProtocol - Initializing ProtocolHandler ["http-nio-auto-1"]
2022-10-27 20:12:25.369 [main] INFO  org.apache.catalina.core.StandardService - Starting service [Tomcat]
2022-10-27 20:12:25.369 [main] INFO  org.apache.catalina.core.StandardEngine - Starting Servlet engine: [Apache Tomcat/9.0.63]
2022-10-27 20:12:25.551 [main] INFO  o.a.c.core.ContainerBase.[Tomcat].[localhost].[/] - Initializing Spring embedded WebApplicationContext
2022-10-27 20:12:25.551 [main] INFO  o.s.b.w.s.c.ServletWebServerApplicationContext - Root WebApplicationContext: initialization completed in 6328 ms
2022-10-27 20:12:26.085 [main] INFO  c.a.d.s.b.a.DruidDataSourceAutoConfigure - Init DruidDataSource
2022-10-27 20:12:26.926 [main] INFO  com.alibaba.druid.pool.DruidDataSource - {dataSource-1} inited
2022-10-27 20:12:30.840 [main] INFO  c.w.scaffold.common.config.swagger.SwaggerConfig - Swagger -> [Swagger接口文档分组 '需要token验证' 初始化]
2022-10-27 20:12:30.881 [main] INFO  c.w.scaffold.common.config.swagger.SwaggerConfig - Swagger -> [Swagger接口文档分组 '不需要token验证' 初始化]
2022-10-27 20:12:32.275 [main] INFO  o.s.security.web.DefaultSecurityFilterChain - Will secure any request with [org.springframework.security.web.session.DisableEncodeUrlFilter@563392e5, org.springframework.security.web.context.request.async.WebAsyncManagerIntegrationFilter@52d181ed, org.springframework.security.web.context.SecurityContextPersistenceFilter@548f4f60, org.springframework.security.web.header.HeaderWriterFilter@33563147, org.springframework.security.web.authentication.logout.LogoutFilter@3c5044fa, org.springframework.web.filter.CorsFilter@2c99c8d, com.weiho.scaffold.system.security.token.filter.TokenFilter@43efe064, org.springframework.security.web.savedrequest.RequestCacheAwareFilter@45a9cf78, org.springframework.security.web.servletapi.SecurityContextHolderAwareRequestFilter@30adae45, org.springframework.security.web.authentication.AnonymousAuthenticationFilter@66046e7c, org.springframework.security.web.session.SessionManagementFilter@59c00010, org.springframework.security.web.access.ExceptionTranslationFilter@4a094f90, org.springframework.security.web.access.intercept.FilterSecurityInterceptor@46d18a33]
2022-10-27 20:12:32.595 [main] INFO  com.weiho.scaffold.redis.config.RedisConfig - Redis -> [Redis缓存错误处理程序初始化]
2022-10-27 20:12:33.410 [main] INFO  org.apache.coyote.http11.Http11NioProtocol - Starting ProtocolHandler ["http-nio-auto-1"]
2022-10-27 20:12:33.436 [main] INFO  o.a.c.core.ContainerBase.[Tomcat].[localhost].[/] - Initializing Spring DispatcherServlet 'dispatcherServlet'
2022-10-27 20:12:33.436 [main] INFO  org.springframework.web.servlet.DispatcherServlet - Initializing Servlet 'dispatcherServlet'
2022-10-27 20:12:33.438 [main] INFO  org.springframework.web.servlet.DispatcherServlet - Completed initialization in 2 ms
2022-10-27 20:12:33.439 [main] INFO  o.s.boot.web.embedded.tomcat.TomcatWebServer - Tomcat started on port(s): 2424 (http) with context path ''
2022-10-27 20:12:34.038 [main] INFO  o.s.a.rabbit.connection.CachingConnectionFactory - Attempting to connect to: [192.168.137.128:5672]
2022-10-27 20:12:34.105 [main] INFO  o.s.a.rabbit.connection.CachingConnectionFactory - Created new connection: rabbitConnectionFactory#4c9cce17:0/SimpleConnection@4d3bde85 [delegate=amqp://admin@192.168.137.128:5672/, localPort= 2427]
2022-10-27 20:12:34.174 [main] INFO  c.w.s.system.service.impl.UserServiceImplTest - Started UserServiceImplTest in 15.486 seconds (JVM running for 17.216)
2022-10-27 20:12:34.553 [main] DEBUG c.w.scaffold.system.mapper.UserMapper.selectList - ==>  Preparing: SELECT id,avatar_id,username,password,sex,email,phone,enabled,last_pass_reset_time,create_time,update_time,is_del FROM user WHERE is_del=0 AND (username = ? AND is_del = ?)
2022-10-27 20:12:34.575 [main] DEBUG c.w.scaffold.system.mapper.UserMapper.selectList - ==> Parameters: root(String), 0(Integer)
2022-10-27 20:12:34.636 [main] DEBUG c.w.scaffold.system.mapper.UserMapper.selectList - <==      Total: 1
2022-10-27 20:12:34.690 [org.springframework.amqp.rabbit.RabbitListenerEndpointContainer#0-2] INFO  o.s.a.r.listener.SimpleMessageListenerContainer - Waiting for workers to finish.
2022-10-27 20:12:35.164 [org.springframework.amqp.rabbit.RabbitListenerEndpointContainer#0-2] INFO  o.s.a.r.listener.SimpleMessageListenerContainer - Successfully waited for workers to finish.
2022-10-27 20:12:35.352 [SpringApplicationShutdownHook] INFO  o.s.a.r.listener.SimpleMessageListenerContainer - Shutdown ignored - container is already stopped
2022-10-27 20:12:35.353 [SpringApplicationShutdownHook] INFO  c.w.s.common.util.spring.SpringContextHolder - SpringContextHolder -> [清除SpringContextHolder中的ApplicationContext:org.springframework.boot.web.servlet.context.AnnotationConfigServletWebServerApplicationContext@724bade8, started on Thu Oct 27 20:12:19 GMT+08:00 2022]
2022-10-27 20:12:35.378 [SpringApplicationShutdownHook] INFO  com.alibaba.druid.pool.DruidDataSource - {dataSource-1} closing ...
2022-10-27 20:12:35.386 [SpringApplicationShutdownHook] INFO  com.alibaba.druid.pool.DruidDataSource - {dataSource-1} closed
2022-10-27 20:14:22.574 [main] INFO  o.s.b.t.context.SpringBootTestContextBootstrapper - Neither @ContextConfiguration nor @ContextHierarchy found for test class [com.weiho.scaffold.system.service.impl.UserServiceImplTest], using SpringBootContextLoader
2022-10-27 20:14:22.581 [main] INFO  o.s.test.context.support.AbstractContextLoader - Could not detect default resource locations for test class [com.weiho.scaffold.system.service.impl.UserServiceImplTest]: no resource found for suffixes {-context.xml, Context.groovy}.
2022-10-27 20:14:22.582 [main] INFO  o.s.t.c.support.AnnotationConfigContextLoaderUtils - Could not detect default configuration classes for test class [com.weiho.scaffold.system.service.impl.UserServiceImplTest]: UserServiceImplTest does not declare any static, non-private, non-final, nested classes annotated with @Configuration.
2022-10-27 20:14:22.742 [main] INFO  o.s.b.t.context.SpringBootTestContextBootstrapper - Found @SpringBootConfiguration com.weiho.scaffold.system.AppRun for test class com.weiho.scaffold.system.service.impl.UserServiceImplTest
2022-10-27 20:14:22.896 [main] INFO  o.s.b.t.context.SpringBootTestContextBootstrapper - Loaded default TestExecutionListener class names from location [META-INF/spring.factories]: [org.springframework.boot.test.mock.mockito.MockitoTestExecutionListener, org.springframework.boot.test.mock.mockito.ResetMocksTestExecutionListener, org.springframework.boot.test.autoconfigure.restdocs.RestDocsTestExecutionListener, org.springframework.boot.test.autoconfigure.web.client.MockRestServiceServerResetTestExecutionListener, org.springframework.boot.test.autoconfigure.web.servlet.MockMvcPrintOnlyOnFailureTestExecutionListener, org.springframework.boot.test.autoconfigure.web.servlet.WebDriverTestExecutionListener, org.springframework.boot.test.autoconfigure.webservices.client.MockWebServiceServerTestExecutionListener, org.springframework.test.context.web.ServletTestExecutionListener, org.springframework.test.context.support.DirtiesContextBeforeModesTestExecutionListener, org.springframework.test.context.event.ApplicationEventsTestExecutionListener, org.springframework.test.context.support.DependencyInjectionTestExecutionListener, org.springframework.test.context.support.DirtiesContextTestExecutionListener, org.springframework.test.context.transaction.TransactionalTestExecutionListener, org.springframework.test.context.jdbc.SqlScriptsTestExecutionListener, org.springframework.test.context.event.EventPublishingTestExecutionListener, org.springframework.security.test.context.support.WithSecurityContextTestExecutionListener, org.springframework.security.test.context.support.ReactorContextTestExecutionListener]
2022-10-27 20:14:22.918 [main] INFO  o.s.b.t.context.SpringBootTestContextBootstrapper - Using TestExecutionListeners: [org.springframework.test.context.web.ServletTestExecutionListener@1f3f02ee, org.springframework.test.context.support.DirtiesContextBeforeModesTestExecutionListener@1fde5d22, org.springframework.test.context.event.ApplicationEventsTestExecutionListener@5dcb4f5f, org.springframework.boot.test.mock.mockito.MockitoTestExecutionListener@71812481, org.springframework.boot.test.autoconfigure.SpringBootDependencyInjectionTestExecutionListener@16ce702d, org.springframework.test.context.support.DirtiesContextTestExecutionListener@7b94089b, org.springframework.test.context.transaction.TransactionalTestExecutionListener@7ca20101, org.springframework.test.context.jdbc.SqlScriptsTestExecutionListener@47f9738, org.springframework.test.context.event.EventPublishingTestExecutionListener@6155d082, org.springframework.security.test.context.support.WithSecurityContextTestExecutionListener@3a5ecce3, org.springframework.security.test.context.support.ReactorContextTestExecutionListener@561868a0, org.springframework.boot.test.mock.mockito.ResetMocksTestExecutionListener@2ea6e30c, org.springframework.boot.test.autoconfigure.restdocs.RestDocsTestExecutionListener@6138e79a, org.springframework.boot.test.autoconfigure.web.client.MockRestServiceServerResetTestExecutionListener@2dcd168a, org.springframework.boot.test.autoconfigure.web.servlet.MockMvcPrintOnlyOnFailureTestExecutionListener@388526fb, org.springframework.boot.test.autoconfigure.web.servlet.WebDriverTestExecutionListener@21a21c64, org.springframework.boot.test.autoconfigure.webservices.client.MockWebServiceServerTestExecutionListener@7803bfd]
2022-10-27 20:14:23.352 [background-preinit] INFO  org.hibernate.validator.internal.util.Version - HV000001: Hibernate Validator 6.2.3.Final
2022-10-27 20:14:23.358 [main] INFO  c.w.s.system.service.impl.UserServiceImplTest - Starting UserServiceImplTest using Java 1.8.0_144 on LAPTOP-SR0899OB with PID 7984 (started by Weiho in E:\Graduation_ChouChou\Scaffold-Weiho\Scaffold\scaffold-system)
2022-10-27 20:14:23.359 [main] DEBUG c.w.s.system.service.impl.UserServiceImplTest - Running with Spring Boot v2.7.0, Spring v5.3.20
2022-10-27 20:14:23.360 [main] INFO  c.w.s.system.service.impl.UserServiceImplTest - No active profile set, falling back to 1 default profile: "default"
2022-10-27 20:14:24.906 [main] INFO  o.s.d.r.config.RepositoryConfigurationDelegate - Multiple Spring Data modules found, entering strict repository configuration mode!
2022-10-27 20:14:24.910 [main] INFO  o.s.d.r.config.RepositoryConfigurationDelegate - Bootstrapping Spring Data Redis repositories in DEFAULT mode.
2022-10-27 20:14:24.946 [main] INFO  o.s.d.r.config.RepositoryConfigurationDelegate - Finished Spring Data repository scanning in 20 ms. Found 0 Redis repository interfaces.
2022-10-27 20:14:26.781 [main] INFO  o.s.boot.web.embedded.tomcat.TomcatWebServer - Tomcat initialized with port(s): 0 (http)
2022-10-27 20:14:26.796 [main] INFO  org.apache.coyote.http11.Http11NioProtocol - Initializing ProtocolHandler ["http-nio-auto-1"]
2022-10-27 20:14:26.797 [main] INFO  org.apache.catalina.core.StandardService - Starting service [Tomcat]
2022-10-27 20:14:26.797 [main] INFO  org.apache.catalina.core.StandardEngine - Starting Servlet engine: [Apache Tomcat/9.0.63]
2022-10-27 20:14:26.979 [main] INFO  o.a.c.core.ContainerBase.[Tomcat].[localhost].[/] - Initializing Spring embedded WebApplicationContext
2022-10-27 20:14:26.979 [main] INFO  o.s.b.w.s.c.ServletWebServerApplicationContext - Root WebApplicationContext: initialization completed in 3518 ms
2022-10-27 20:14:27.555 [main] INFO  c.a.d.s.b.a.DruidDataSourceAutoConfigure - Init DruidDataSource
2022-10-27 20:14:28.153 [main] INFO  com.alibaba.druid.pool.DruidDataSource - {dataSource-1} inited
2022-10-27 20:14:34.519 [main] INFO  c.w.scaffold.common.config.swagger.SwaggerConfig - Swagger -> [Swagger接口文档分组 '需要token验证' 初始化]
2022-10-27 20:14:34.562 [main] INFO  c.w.scaffold.common.config.swagger.SwaggerConfig - Swagger -> [Swagger接口文档分组 '不需要token验证' 初始化]
2022-10-27 20:14:35.913 [main] INFO  o.s.security.web.DefaultSecurityFilterChain - Will secure any request with [org.springframework.security.web.session.DisableEncodeUrlFilter@2d41bb5a, org.springframework.security.web.context.request.async.WebAsyncManagerIntegrationFilter@448a6d00, org.springframework.security.web.context.SecurityContextPersistenceFilter@6b3bc1f6, org.springframework.security.web.header.HeaderWriterFilter@3694461d, org.springframework.security.web.authentication.logout.LogoutFilter@6d035815, org.springframework.web.filter.CorsFilter@7604198a, com.weiho.scaffold.system.security.token.filter.TokenFilter@848d9bc, org.springframework.security.web.savedrequest.RequestCacheAwareFilter@646bf8a6, org.springframework.security.web.servletapi.SecurityContextHolderAwareRequestFilter@33563147, org.springframework.security.web.authentication.AnonymousAuthenticationFilter@3a66d97e, org.springframework.security.web.session.SessionManagementFilter@30d5fc1b, org.springframework.security.web.access.ExceptionTranslationFilter@6c25123e, org.springframework.security.web.access.intercept.FilterSecurityInterceptor@21bd6fd1]
2022-10-27 20:14:36.242 [main] INFO  com.weiho.scaffold.redis.config.RedisConfig - Redis -> [Redis缓存错误处理程序初始化]
2022-10-27 20:14:37.210 [main] INFO  org.apache.coyote.http11.Http11NioProtocol - Starting ProtocolHandler ["http-nio-auto-1"]
2022-10-27 20:14:37.240 [main] INFO  o.a.c.core.ContainerBase.[Tomcat].[localhost].[/] - Initializing Spring DispatcherServlet 'dispatcherServlet'
2022-10-27 20:14:37.240 [main] INFO  org.springframework.web.servlet.DispatcherServlet - Initializing Servlet 'dispatcherServlet'
2022-10-27 20:14:37.241 [main] INFO  org.springframework.web.servlet.DispatcherServlet - Completed initialization in 1 ms
2022-10-27 20:14:37.242 [main] INFO  o.s.boot.web.embedded.tomcat.TomcatWebServer - Tomcat started on port(s): 2479 (http) with context path ''
2022-10-27 20:14:37.860 [main] INFO  o.s.a.rabbit.connection.CachingConnectionFactory - Attempting to connect to: [192.168.137.128:5672]
2022-10-27 20:14:37.949 [main] INFO  o.s.a.rabbit.connection.CachingConnectionFactory - Created new connection: rabbitConnectionFactory#2358443e:0/SimpleConnection@7528089c [delegate=amqp://admin@192.168.137.128:5672/, localPort= 2482]
2022-10-27 20:14:38.022 [main] INFO  c.w.s.system.service.impl.UserServiceImplTest - Started UserServiceImplTest in 15.068 seconds (JVM running for 16.547)
2022-10-27 20:14:38.335 [org.springframework.amqp.rabbit.RabbitListenerEndpointContainer#0-2] INFO  o.s.a.r.listener.SimpleMessageListenerContainer - Waiting for workers to finish.
2022-10-27 20:14:39.015 [org.springframework.amqp.rabbit.RabbitListenerEndpointContainer#0-2] INFO  o.s.a.r.listener.SimpleMessageListenerContainer - Successfully waited for workers to finish.
2022-10-27 20:14:39.250 [SpringApplicationShutdownHook] INFO  o.s.a.r.listener.SimpleMessageListenerContainer - Shutdown ignored - container is already stopped
2022-10-27 20:14:39.251 [SpringApplicationShutdownHook] INFO  c.w.s.common.util.spring.SpringContextHolder - SpringContextHolder -> [清除SpringContextHolder中的ApplicationContext:org.springframework.boot.web.servlet.context.AnnotationConfigServletWebServerApplicationContext@724bade8, started on Thu Oct 27 20:14:23 GMT+08:00 2022]
2022-10-27 20:14:39.285 [SpringApplicationShutdownHook] INFO  com.alibaba.druid.pool.DruidDataSource - {dataSource-1} closing ...
2022-10-27 20:14:39.296 [SpringApplicationShutdownHook] INFO  com.alibaba.druid.pool.DruidDataSource - {dataSource-1} closed
2022-10-27 20:15:39.630 [main] INFO  o.s.b.t.context.SpringBootTestContextBootstrapper - Neither @ContextConfiguration nor @ContextHierarchy found for test class [com.weiho.scaffold.system.service.impl.UserServiceImplTest], using SpringBootContextLoader
2022-10-27 20:15:39.643 [main] INFO  o.s.test.context.support.AbstractContextLoader - Could not detect default resource locations for test class [com.weiho.scaffold.system.service.impl.UserServiceImplTest]: no resource found for suffixes {-context.xml, Context.groovy}.
2022-10-27 20:15:39.644 [main] INFO  o.s.t.c.support.AnnotationConfigContextLoaderUtils - Could not detect default configuration classes for test class [com.weiho.scaffold.system.service.impl.UserServiceImplTest]: UserServiceImplTest does not declare any static, non-private, non-final, nested classes annotated with @Configuration.
2022-10-27 20:15:39.861 [main] INFO  o.s.b.t.context.SpringBootTestContextBootstrapper - Found @SpringBootConfiguration com.weiho.scaffold.system.AppRun for test class com.weiho.scaffold.system.service.impl.UserServiceImplTest
2022-10-27 20:15:39.988 [main] INFO  o.s.b.t.context.SpringBootTestContextBootstrapper - Loaded default TestExecutionListener class names from location [META-INF/spring.factories]: [org.springframework.boot.test.mock.mockito.MockitoTestExecutionListener, org.springframework.boot.test.mock.mockito.ResetMocksTestExecutionListener, org.springframework.boot.test.autoconfigure.restdocs.RestDocsTestExecutionListener, org.springframework.boot.test.autoconfigure.web.client.MockRestServiceServerResetTestExecutionListener, org.springframework.boot.test.autoconfigure.web.servlet.MockMvcPrintOnlyOnFailureTestExecutionListener, org.springframework.boot.test.autoconfigure.web.servlet.WebDriverTestExecutionListener, org.springframework.boot.test.autoconfigure.webservices.client.MockWebServiceServerTestExecutionListener, org.springframework.test.context.web.ServletTestExecutionListener, org.springframework.test.context.support.DirtiesContextBeforeModesTestExecutionListener, org.springframework.test.context.event.ApplicationEventsTestExecutionListener, org.springframework.test.context.support.DependencyInjectionTestExecutionListener, org.springframework.test.context.support.DirtiesContextTestExecutionListener, org.springframework.test.context.transaction.TransactionalTestExecutionListener, org.springframework.test.context.jdbc.SqlScriptsTestExecutionListener, org.springframework.test.context.event.EventPublishingTestExecutionListener, org.springframework.security.test.context.support.WithSecurityContextTestExecutionListener, org.springframework.security.test.context.support.ReactorContextTestExecutionListener]
2022-10-27 20:15:40.023 [main] INFO  o.s.b.t.context.SpringBootTestContextBootstrapper - Using TestExecutionListeners: [org.springframework.test.context.web.ServletTestExecutionListener@1f3f02ee, org.springframework.test.context.support.DirtiesContextBeforeModesTestExecutionListener@1fde5d22, org.springframework.test.context.event.ApplicationEventsTestExecutionListener@5dcb4f5f, org.springframework.boot.test.mock.mockito.MockitoTestExecutionListener@71812481, org.springframework.boot.test.autoconfigure.SpringBootDependencyInjectionTestExecutionListener@16ce702d, org.springframework.test.context.support.DirtiesContextTestExecutionListener@7b94089b, org.springframework.test.context.transaction.TransactionalTestExecutionListener@7ca20101, org.springframework.test.context.jdbc.SqlScriptsTestExecutionListener@47f9738, org.springframework.test.context.event.EventPublishingTestExecutionListener@6155d082, org.springframework.security.test.context.support.WithSecurityContextTestExecutionListener@3a5ecce3, org.springframework.security.test.context.support.ReactorContextTestExecutionListener@561868a0, org.springframework.boot.test.mock.mockito.ResetMocksTestExecutionListener@2ea6e30c, org.springframework.boot.test.autoconfigure.restdocs.RestDocsTestExecutionListener@6138e79a, org.springframework.boot.test.autoconfigure.web.client.MockRestServiceServerResetTestExecutionListener@2dcd168a, org.springframework.boot.test.autoconfigure.web.servlet.MockMvcPrintOnlyOnFailureTestExecutionListener@388526fb, org.springframework.boot.test.autoconfigure.web.servlet.WebDriverTestExecutionListener@21a21c64, org.springframework.boot.test.autoconfigure.webservices.client.MockWebServiceServerTestExecutionListener@7803bfd]
2022-10-27 20:15:40.573 [background-preinit] INFO  org.hibernate.validator.internal.util.Version - HV000001: Hibernate Validator 6.2.3.Final
2022-10-27 20:15:40.580 [main] INFO  c.w.s.system.service.impl.UserServiceImplTest - Starting UserServiceImplTest using Java 1.8.0_144 on LAPTOP-SR0899OB with PID 21012 (started by Weiho in E:\Graduation_ChouChou\Scaffold-Weiho\Scaffold\scaffold-system)
2022-10-27 20:15:40.581 [main] DEBUG c.w.s.system.service.impl.UserServiceImplTest - Running with Spring Boot v2.7.0, Spring v5.3.20
2022-10-27 20:15:40.582 [main] INFO  c.w.s.system.service.impl.UserServiceImplTest - No active profile set, falling back to 1 default profile: "default"
2022-10-27 20:15:42.372 [main] INFO  o.s.d.r.config.RepositoryConfigurationDelegate - Multiple Spring Data modules found, entering strict repository configuration mode!
2022-10-27 20:15:42.375 [main] INFO  o.s.d.r.config.RepositoryConfigurationDelegate - Bootstrapping Spring Data Redis repositories in DEFAULT mode.
2022-10-27 20:15:42.406 [main] INFO  o.s.d.r.config.RepositoryConfigurationDelegate - Finished Spring Data repository scanning in 18 ms. Found 0 Redis repository interfaces.
2022-10-27 20:15:44.202 [main] INFO  o.s.boot.web.embedded.tomcat.TomcatWebServer - Tomcat initialized with port(s): 0 (http)
2022-10-27 20:15:44.214 [main] INFO  org.apache.coyote.http11.Http11NioProtocol - Initializing ProtocolHandler ["http-nio-auto-1"]
2022-10-27 20:15:44.214 [main] INFO  org.apache.catalina.core.StandardService - Starting service [Tomcat]
2022-10-27 20:15:44.214 [main] INFO  org.apache.catalina.core.StandardEngine - Starting Servlet engine: [Apache Tomcat/9.0.63]
2022-10-27 20:15:44.379 [main] INFO  o.a.c.core.ContainerBase.[Tomcat].[localhost].[/] - Initializing Spring embedded WebApplicationContext
2022-10-27 20:15:44.379 [main] INFO  o.s.b.w.s.c.ServletWebServerApplicationContext - Root WebApplicationContext: initialization completed in 3750 ms
2022-10-27 20:15:44.936 [main] INFO  c.a.d.s.b.a.DruidDataSourceAutoConfigure - Init DruidDataSource
2022-10-27 20:15:45.560 [main] INFO  com.alibaba.druid.pool.DruidDataSource - {dataSource-1} inited
2022-10-27 20:15:49.044 [main] INFO  c.w.scaffold.common.config.swagger.SwaggerConfig - Swagger -> [Swagger接口文档分组 '需要token验证' 初始化]
2022-10-27 20:15:49.088 [main] INFO  c.w.scaffold.common.config.swagger.SwaggerConfig - Swagger -> [Swagger接口文档分组 '不需要token验证' 初始化]
2022-10-27 20:15:50.270 [main] INFO  o.s.security.web.DefaultSecurityFilterChain - Will secure any request with [org.springframework.security.web.session.DisableEncodeUrlFilter@848d9bc, org.springframework.security.web.context.request.async.WebAsyncManagerIntegrationFilter@3a66d97e, org.springframework.security.web.context.SecurityContextPersistenceFilter@6655f3cd, org.springframework.security.web.header.HeaderWriterFilter@bd703bb, org.springframework.security.web.authentication.logout.LogoutFilter@45a9cf78, org.springframework.web.filter.CorsFilter@7604198a, com.weiho.scaffold.system.security.token.filter.TokenFilter@1add3e03, org.springframework.security.web.savedrequest.RequestCacheAwareFilter@137d04d8, org.springframework.security.web.servletapi.SecurityContextHolderAwareRequestFilter@61d61b0e, org.springframework.security.web.authentication.AnonymousAuthenticationFilter@d28a235, org.springframework.security.web.session.SessionManagementFilter@4d71ec5b, org.springframework.security.web.access.ExceptionTranslationFilter@3dc39412, org.springframework.security.web.access.intercept.FilterSecurityInterceptor@340c7479]
2022-10-27 20:15:50.565 [main] INFO  com.weiho.scaffold.redis.config.RedisConfig - Redis -> [Redis缓存错误处理程序初始化]
2022-10-27 20:15:51.393 [main] INFO  org.apache.coyote.http11.Http11NioProtocol - Starting ProtocolHandler ["http-nio-auto-1"]
2022-10-27 20:15:51.420 [main] INFO  o.a.c.core.ContainerBase.[Tomcat].[localhost].[/] - Initializing Spring DispatcherServlet 'dispatcherServlet'
2022-10-27 20:15:51.420 [main] INFO  org.springframework.web.servlet.DispatcherServlet - Initializing Servlet 'dispatcherServlet'
2022-10-27 20:15:51.421 [main] INFO  org.springframework.web.servlet.DispatcherServlet - Completed initialization in 1 ms
2022-10-27 20:15:51.422 [main] INFO  o.s.boot.web.embedded.tomcat.TomcatWebServer - Tomcat started on port(s): 2512 (http) with context path ''
2022-10-27 20:15:52.057 [main] INFO  o.s.a.rabbit.connection.CachingConnectionFactory - Attempting to connect to: [192.168.137.128:5672]
2022-10-27 20:15:52.134 [main] INFO  o.s.a.rabbit.connection.CachingConnectionFactory - Created new connection: rabbitConnectionFactory#62c53685:0/SimpleConnection@684bfba9 [delegate=amqp://admin@192.168.137.128:5672/, localPort= 2518]
2022-10-27 20:15:52.202 [main] INFO  c.w.s.system.service.impl.UserServiceImplTest - Started UserServiceImplTest in 12.082 seconds (JVM running for 13.608)
2022-10-27 20:15:52.694 [main] DEBUG c.w.scaffold.system.mapper.UserMapper.selectList - ==>  Preparing: SELECT id,avatar_id,username,password,sex,email,phone,enabled,last_pass_reset_time,create_time,update_time,is_del FROM user WHERE is_del=0 AND (username = ? AND is_del = ?)
2022-10-27 20:15:52.714 [main] DEBUG c.w.scaffold.system.mapper.UserMapper.selectList - ==> Parameters: root(String), 0(Integer)
2022-10-27 20:15:52.766 [main] DEBUG c.w.scaffold.system.mapper.UserMapper.selectList - <==      Total: 1
2022-10-27 20:15:52.792 [org.springframework.amqp.rabbit.RabbitListenerEndpointContainer#0-2] INFO  o.s.a.r.listener.SimpleMessageListenerContainer - Waiting for workers to finish.
2022-10-27 20:15:53.193 [org.springframework.amqp.rabbit.RabbitListenerEndpointContainer#0-2] INFO  o.s.a.r.listener.SimpleMessageListenerContainer - Successfully waited for workers to finish.
2022-10-27 20:15:53.397 [SpringApplicationShutdownHook] INFO  o.s.a.r.listener.SimpleMessageListenerContainer - Shutdown ignored - container is already stopped
2022-10-27 20:15:53.398 [SpringApplicationShutdownHook] INFO  c.w.s.common.util.spring.SpringContextHolder - SpringContextHolder -> [清除SpringContextHolder中的ApplicationContext:org.springframework.boot.web.servlet.context.AnnotationConfigServletWebServerApplicationContext@724bade8, started on Thu Oct 27 20:15:40 GMT+08:00 2022]
2022-10-27 20:15:53.426 [SpringApplicationShutdownHook] INFO  com.alibaba.druid.pool.DruidDataSource - {dataSource-1} closing ...
2022-10-27 20:15:53.437 [SpringApplicationShutdownHook] INFO  com.alibaba.druid.pool.DruidDataSource - {dataSource-1} closed
