2022-11-02 14:12:43.169 [main] INFO  o.s.b.t.context.SpringBootTestContextBootstrapper - Neither @ContextConfiguration nor @ContextHierarchy found for test class [com.weiho.scaffold.system.service.NoticeServiceTest], using SpringBootContextLoader
2022-11-02 14:12:43.176 [main] INFO  o.s.test.context.support.AbstractContextLoader - Could not detect default resource locations for test class [com.weiho.scaffold.system.service.NoticeServiceTest]: no resource found for suffixes {-context.xml, Context.groovy}.
2022-11-02 14:12:43.177 [main] INFO  o.s.t.c.support.AnnotationConfigContextLoaderUtils - Could not detect default configuration classes for test class [com.weiho.scaffold.system.service.NoticeServiceTest]: NoticeServiceTest does not declare any static, non-private, non-final, nested classes annotated with @Configuration.
2022-11-02 14:12:43.310 [main] INFO  o.s.b.t.context.SpringBootTestContextBootstrapper - Found @SpringBootConfiguration com.weiho.scaffold.system.AppRun for test class com.weiho.scaffold.system.service.NoticeServiceTest
2022-11-02 14:12:43.410 [main] INFO  o.s.b.t.context.SpringBootTestContextBootstrapper - Loaded default TestExecutionListener class names from location [META-INF/spring.factories]: [org.springframework.boot.test.mock.mockito.MockitoTestExecutionListener, org.springframework.boot.test.mock.mockito.ResetMocksTestExecutionListener, org.springframework.boot.test.autoconfigure.restdocs.RestDocsTestExecutionListener, org.springframework.boot.test.autoconfigure.web.client.MockRestServiceServerResetTestExecutionListener, org.springframework.boot.test.autoconfigure.web.servlet.MockMvcPrintOnlyOnFailureTestExecutionListener, org.springframework.boot.test.autoconfigure.web.servlet.WebDriverTestExecutionListener, org.springframework.boot.test.autoconfigure.webservices.client.MockWebServiceServerTestExecutionListener, org.springframework.test.context.web.ServletTestExecutionListener, org.springframework.test.context.support.DirtiesContextBeforeModesTestExecutionListener, org.springframework.test.context.event.ApplicationEventsTestExecutionListener, org.springframework.test.context.support.DependencyInjectionTestExecutionListener, org.springframework.test.context.support.DirtiesContextTestExecutionListener, org.springframework.test.context.transaction.TransactionalTestExecutionListener, org.springframework.test.context.jdbc.SqlScriptsTestExecutionListener, org.springframework.test.context.event.EventPublishingTestExecutionListener, org.springframework.security.test.context.support.WithSecurityContextTestExecutionListener, org.springframework.security.test.context.support.ReactorContextTestExecutionListener]
2022-11-02 14:12:43.434 [main] INFO  o.s.b.t.context.SpringBootTestContextBootstrapper - Using TestExecutionListeners: [org.springframework.test.context.web.ServletTestExecutionListener@5443d039, org.springframework.test.context.support.DirtiesContextBeforeModesTestExecutionListener@63787180, org.springframework.test.context.event.ApplicationEventsTestExecutionListener@7d1cfb8b, org.springframework.boot.test.mock.mockito.MockitoTestExecutionListener@48e92c5c, org.springframework.boot.test.autoconfigure.SpringBootDependencyInjectionTestExecutionListener@2e1ef60, org.springframework.test.context.support.DirtiesContextTestExecutionListener@22356acd, org.springframework.test.context.transaction.TransactionalTestExecutionListener@386f0da3, org.springframework.test.context.jdbc.SqlScriptsTestExecutionListener@39655d3e, org.springframework.test.context.event.EventPublishingTestExecutionListener@34f22f9d, org.springframework.security.test.context.support.WithSecurityContextTestExecutionListener@3d1848cc, org.springframework.security.test.context.support.ReactorContextTestExecutionListener@7dda48d9, org.springframework.boot.test.mock.mockito.ResetMocksTestExecutionListener@6e4566f1, org.springframework.boot.test.autoconfigure.restdocs.RestDocsTestExecutionListener@4b6e2263, org.springframework.boot.test.autoconfigure.web.client.MockRestServiceServerResetTestExecutionListener@344f4dea, org.springframework.boot.test.autoconfigure.web.servlet.MockMvcPrintOnlyOnFailureTestExecutionListener@1b7c473a, org.springframework.boot.test.autoconfigure.web.servlet.WebDriverTestExecutionListener@5e4bd84a, org.springframework.boot.test.autoconfigure.webservices.client.MockWebServiceServerTestExecutionListener@648c94da]
2022-11-02 14:12:43.828 [background-preinit] INFO  org.hibernate.validator.internal.util.Version - HV000001: Hibernate Validator 6.2.3.Final
2022-11-02 14:12:43.834 [main] INFO  c.weiho.scaffold.system.service.NoticeServiceTest - Starting NoticeServiceTest using Java 1.8.0_144 on LAPTOP-SR0899OB with PID 23008 (started by Weiho in E:\Graduation_ChouChou\Scaffold-Weiho\Scaffold\scaffold-system)
2022-11-02 14:12:43.834 [main] DEBUG c.weiho.scaffold.system.service.NoticeServiceTest - Running with Spring Boot v2.7.0, Spring v5.3.20
2022-11-02 14:12:43.835 [main] INFO  c.weiho.scaffold.system.service.NoticeServiceTest - No active profile set, falling back to 1 default profile: "default"
2022-11-02 14:12:45.126 [main] INFO  o.s.d.r.config.RepositoryConfigurationDelegate - Multiple Spring Data modules found, entering strict repository configuration mode!
2022-11-02 14:12:45.131 [main] INFO  o.s.d.r.config.RepositoryConfigurationDelegate - Bootstrapping Spring Data Redis repositories in DEFAULT mode.
2022-11-02 14:12:45.168 [main] INFO  o.s.d.r.config.RepositoryConfigurationDelegate - Finished Spring Data repository scanning in 22 ms. Found 0 Redis repository interfaces.
2022-11-02 14:12:46.778 [main] INFO  o.s.boot.web.embedded.tomcat.TomcatWebServer - Tomcat initialized with port(s): 0 (http)
2022-11-02 14:12:46.790 [main] INFO  org.apache.coyote.http11.Http11NioProtocol - Initializing ProtocolHandler ["http-nio-auto-1"]
2022-11-02 14:12:46.791 [main] INFO  org.apache.catalina.core.StandardService - Starting service [Tomcat]
2022-11-02 14:12:46.791 [main] INFO  org.apache.catalina.core.StandardEngine - Starting Servlet engine: [Apache Tomcat/9.0.63]
2022-11-02 14:12:46.942 [main] INFO  o.a.c.core.ContainerBase.[Tomcat].[localhost].[/] - Initializing Spring embedded WebApplicationContext
2022-11-02 14:12:46.942 [main] INFO  o.s.b.w.s.c.ServletWebServerApplicationContext - Root WebApplicationContext: initialization completed in 3076 ms
2022-11-02 14:12:47.479 [main] INFO  c.a.d.s.b.a.DruidDataSourceAutoConfigure - Init DruidDataSource
2022-11-02 14:12:48.003 [main] INFO  com.alibaba.druid.pool.DruidDataSource - {dataSource-1} inited
2022-11-02 14:12:51.690 [main] INFO  c.w.scaffold.common.config.swagger.SwaggerConfig - Swagger -> [Swagger接口文档分组 '需要token验证' 初始化]
2022-11-02 14:12:51.739 [main] INFO  c.w.scaffold.common.config.swagger.SwaggerConfig - Swagger -> [Swagger接口文档分组 '不需要token验证' 初始化]
2022-11-02 14:12:53.823 [main] INFO  o.s.security.web.DefaultSecurityFilterChain - Will secure any request with [org.springframework.security.web.session.DisableEncodeUrlFilter@7aaf6bfd, org.springframework.security.web.context.request.async.WebAsyncManagerIntegrationFilter@4a8bf1dc, org.springframework.security.web.context.SecurityContextPersistenceFilter@97cb8dc, org.springframework.security.web.header.HeaderWriterFilter@1af6974c, org.springframework.security.web.authentication.logout.LogoutFilter@17ea3bc0, org.springframework.web.filter.CorsFilter@45984654, com.weiho.scaffold.system.security.token.filter.TokenFilter@61aa6300, org.springframework.security.web.savedrequest.RequestCacheAwareFilter@177302d6, org.springframework.security.web.servletapi.SecurityContextHolderAwareRequestFilter@5ac53209, org.springframework.security.web.authentication.AnonymousAuthenticationFilter@7e2e0b8a, org.springframework.security.web.session.SessionManagementFilter@33239d72, org.springframework.security.web.access.ExceptionTranslationFilter@137d04d8, org.springframework.security.web.access.intercept.FilterSecurityInterceptor@6f8fb906]
2022-11-02 14:12:54.144 [main] INFO  com.weiho.scaffold.redis.config.RedisConfig - Redis -> [Redis缓存错误处理程序初始化]
2022-11-02 14:12:54.945 [main] INFO  org.apache.coyote.http11.Http11NioProtocol - Starting ProtocolHandler ["http-nio-auto-1"]
2022-11-02 14:12:54.969 [main] INFO  o.a.c.core.ContainerBase.[Tomcat].[localhost].[/] - Initializing Spring DispatcherServlet 'dispatcherServlet'
2022-11-02 14:12:54.969 [main] INFO  org.springframework.web.servlet.DispatcherServlet - Initializing Servlet 'dispatcherServlet'
2022-11-02 14:12:54.970 [main] INFO  org.springframework.web.servlet.DispatcherServlet - Completed initialization in 1 ms
2022-11-02 14:12:54.971 [main] INFO  o.s.boot.web.embedded.tomcat.TomcatWebServer - Tomcat started on port(s): 21978 (http) with context path ''
2022-11-02 14:12:55.600 [main] INFO  o.s.a.rabbit.connection.CachingConnectionFactory - Attempting to connect to: [192.168.137.128:5672]
2022-11-02 14:12:55.672 [main] INFO  o.s.a.rabbit.connection.CachingConnectionFactory - Created new connection: rabbitConnectionFactory#231d3ce:0/SimpleConnection@600b3bee [delegate=amqp://admin@192.168.137.128:5672/, localPort= 21981]
2022-11-02 14:12:55.731 [main] INFO  c.weiho.scaffold.system.service.NoticeServiceTest - Started NoticeServiceTest in 12.259 seconds (JVM running for 13.444)
2022-11-02 14:12:56.123 [main] DEBUG c.w.scaffold.system.mapper.NoticeMapper.selectList - ==>  Preparing: SELECT id,type,title,content,user_id,is_overdue,create_time,update_time,is_del FROM notice WHERE is_del=0 AND ((title LIKE ? OR content LIKE ?))
2022-11-02 14:12:56.143 [main] DEBUG c.w.scaffold.system.mapper.NoticeMapper.selectList - ==> Parameters: %测试%(String), %测试%(String)
2022-11-02 14:12:56.166 [main] DEBUG c.w.scaffold.system.mapper.NoticeMapper.selectList - <==      Total: 3
2022-11-02 14:12:56.201 [org.springframework.amqp.rabbit.RabbitListenerEndpointContainer#0-2] INFO  o.s.a.r.listener.SimpleMessageListenerContainer - Waiting for workers to finish.
2022-11-02 14:12:56.724 [org.springframework.amqp.rabbit.RabbitListenerEndpointContainer#0-2] INFO  o.s.a.r.listener.SimpleMessageListenerContainer - Successfully waited for workers to finish.
2022-11-02 14:12:56.920 [SpringApplicationShutdownHook] INFO  o.s.a.r.listener.SimpleMessageListenerContainer - Shutdown ignored - container is already stopped
2022-11-02 14:12:56.921 [SpringApplicationShutdownHook] INFO  c.w.s.common.util.spring.SpringContextHolder - SpringContextHolder -> [清除SpringContextHolder中的ApplicationContext:org.springframework.boot.web.servlet.context.AnnotationConfigServletWebServerApplicationContext@6928f576, started on Wed Nov 02 14:12:43 GMT+08:00 2022]
2022-11-02 14:12:56.949 [SpringApplicationShutdownHook] INFO  com.alibaba.druid.pool.DruidDataSource - {dataSource-1} closing ...
2022-11-02 14:12:56.957 [SpringApplicationShutdownHook] INFO  com.alibaba.druid.pool.DruidDataSource - {dataSource-1} closed
2022-11-02 14:13:30.891 [main] INFO  o.s.b.t.context.SpringBootTestContextBootstrapper - Neither @ContextConfiguration nor @ContextHierarchy found for test class [com.weiho.scaffold.system.service.NoticeServiceTest], using SpringBootContextLoader
2022-11-02 14:13:30.900 [main] INFO  o.s.test.context.support.AbstractContextLoader - Could not detect default resource locations for test class [com.weiho.scaffold.system.service.NoticeServiceTest]: no resource found for suffixes {-context.xml, Context.groovy}.
2022-11-02 14:13:30.901 [main] INFO  o.s.t.c.support.AnnotationConfigContextLoaderUtils - Could not detect default configuration classes for test class [com.weiho.scaffold.system.service.NoticeServiceTest]: NoticeServiceTest does not declare any static, non-private, non-final, nested classes annotated with @Configuration.
2022-11-02 14:13:31.090 [main] INFO  o.s.b.t.context.SpringBootTestContextBootstrapper - Found @SpringBootConfiguration com.weiho.scaffold.system.AppRun for test class com.weiho.scaffold.system.service.NoticeServiceTest
2022-11-02 14:13:31.228 [main] INFO  o.s.b.t.context.SpringBootTestContextBootstrapper - Loaded default TestExecutionListener class names from location [META-INF/spring.factories]: [org.springframework.boot.test.mock.mockito.MockitoTestExecutionListener, org.springframework.boot.test.mock.mockito.ResetMocksTestExecutionListener, org.springframework.boot.test.autoconfigure.restdocs.RestDocsTestExecutionListener, org.springframework.boot.test.autoconfigure.web.client.MockRestServiceServerResetTestExecutionListener, org.springframework.boot.test.autoconfigure.web.servlet.MockMvcPrintOnlyOnFailureTestExecutionListener, org.springframework.boot.test.autoconfigure.web.servlet.WebDriverTestExecutionListener, org.springframework.boot.test.autoconfigure.webservices.client.MockWebServiceServerTestExecutionListener, org.springframework.test.context.web.ServletTestExecutionListener, org.springframework.test.context.support.DirtiesContextBeforeModesTestExecutionListener, org.springframework.test.context.event.ApplicationEventsTestExecutionListener, org.springframework.test.context.support.DependencyInjectionTestExecutionListener, org.springframework.test.context.support.DirtiesContextTestExecutionListener, org.springframework.test.context.transaction.TransactionalTestExecutionListener, org.springframework.test.context.jdbc.SqlScriptsTestExecutionListener, org.springframework.test.context.event.EventPublishingTestExecutionListener, org.springframework.security.test.context.support.WithSecurityContextTestExecutionListener, org.springframework.security.test.context.support.ReactorContextTestExecutionListener]
2022-11-02 14:13:31.256 [main] INFO  o.s.b.t.context.SpringBootTestContextBootstrapper - Using TestExecutionListeners: [org.springframework.test.context.web.ServletTestExecutionListener@5443d039, org.springframework.test.context.support.DirtiesContextBeforeModesTestExecutionListener@63787180, org.springframework.test.context.event.ApplicationEventsTestExecutionListener@7d1cfb8b, org.springframework.boot.test.mock.mockito.MockitoTestExecutionListener@48e92c5c, org.springframework.boot.test.autoconfigure.SpringBootDependencyInjectionTestExecutionListener@2e1ef60, org.springframework.test.context.support.DirtiesContextTestExecutionListener@22356acd, org.springframework.test.context.transaction.TransactionalTestExecutionListener@386f0da3, org.springframework.test.context.jdbc.SqlScriptsTestExecutionListener@39655d3e, org.springframework.test.context.event.EventPublishingTestExecutionListener@34f22f9d, org.springframework.security.test.context.support.WithSecurityContextTestExecutionListener@3d1848cc, org.springframework.security.test.context.support.ReactorContextTestExecutionListener@7dda48d9, org.springframework.boot.test.mock.mockito.ResetMocksTestExecutionListener@6e4566f1, org.springframework.boot.test.autoconfigure.restdocs.RestDocsTestExecutionListener@4b6e2263, org.springframework.boot.test.autoconfigure.web.client.MockRestServiceServerResetTestExecutionListener@344f4dea, org.springframework.boot.test.autoconfigure.web.servlet.MockMvcPrintOnlyOnFailureTestExecutionListener@1b7c473a, org.springframework.boot.test.autoconfigure.web.servlet.WebDriverTestExecutionListener@5e4bd84a, org.springframework.boot.test.autoconfigure.webservices.client.MockWebServiceServerTestExecutionListener@648c94da]
2022-11-02 14:13:31.786 [background-preinit] INFO  org.hibernate.validator.internal.util.Version - HV000001: Hibernate Validator 6.2.3.Final
2022-11-02 14:13:31.793 [main] INFO  c.weiho.scaffold.system.service.NoticeServiceTest - Starting NoticeServiceTest using Java 1.8.0_144 on LAPTOP-SR0899OB with PID 21660 (started by Weiho in E:\Graduation_ChouChou\Scaffold-Weiho\Scaffold\scaffold-system)
2022-11-02 14:13:31.794 [main] DEBUG c.weiho.scaffold.system.service.NoticeServiceTest - Running with Spring Boot v2.7.0, Spring v5.3.20
2022-11-02 14:13:31.795 [main] INFO  c.weiho.scaffold.system.service.NoticeServiceTest - No active profile set, falling back to 1 default profile: "default"
2022-11-02 14:13:33.079 [main] INFO  o.s.d.r.config.RepositoryConfigurationDelegate - Multiple Spring Data modules found, entering strict repository configuration mode!
2022-11-02 14:13:33.082 [main] INFO  o.s.d.r.config.RepositoryConfigurationDelegate - Bootstrapping Spring Data Redis repositories in DEFAULT mode.
2022-11-02 14:13:33.119 [main] INFO  o.s.d.r.config.RepositoryConfigurationDelegate - Finished Spring Data repository scanning in 23 ms. Found 0 Redis repository interfaces.
2022-11-02 14:13:34.727 [main] INFO  o.s.boot.web.embedded.tomcat.TomcatWebServer - Tomcat initialized with port(s): 0 (http)
2022-11-02 14:13:34.739 [main] INFO  org.apache.coyote.http11.Http11NioProtocol - Initializing ProtocolHandler ["http-nio-auto-1"]
2022-11-02 14:13:34.740 [main] INFO  org.apache.catalina.core.StandardService - Starting service [Tomcat]
2022-11-02 14:13:34.740 [main] INFO  org.apache.catalina.core.StandardEngine - Starting Servlet engine: [Apache Tomcat/9.0.63]
2022-11-02 14:13:34.911 [main] INFO  o.a.c.core.ContainerBase.[Tomcat].[localhost].[/] - Initializing Spring embedded WebApplicationContext
2022-11-02 14:13:34.911 [main] INFO  o.s.b.w.s.c.ServletWebServerApplicationContext - Root WebApplicationContext: initialization completed in 3077 ms
2022-11-02 14:13:35.441 [main] INFO  c.a.d.s.b.a.DruidDataSourceAutoConfigure - Init DruidDataSource
2022-11-02 14:13:35.974 [main] INFO  com.alibaba.druid.pool.DruidDataSource - {dataSource-1} inited
2022-11-02 14:13:39.430 [main] INFO  c.w.scaffold.common.config.swagger.SwaggerConfig - Swagger -> [Swagger接口文档分组 '需要token验证' 初始化]
2022-11-02 14:13:39.463 [main] INFO  c.w.scaffold.common.config.swagger.SwaggerConfig - Swagger -> [Swagger接口文档分组 '不需要token验证' 初始化]
2022-11-02 14:13:40.627 [main] INFO  o.s.security.web.DefaultSecurityFilterChain - Will secure any request with [org.springframework.security.web.session.DisableEncodeUrlFilter@22ee1ad7, org.springframework.security.web.context.request.async.WebAsyncManagerIntegrationFilter@5dd2ea0a, org.springframework.security.web.context.SecurityContextPersistenceFilter@69e8b711, org.springframework.security.web.header.HeaderWriterFilter@b386a17, org.springframework.security.web.authentication.logout.LogoutFilter@3c9c91e3, org.springframework.web.filter.CorsFilter@45984654, com.weiho.scaffold.system.security.token.filter.TokenFilter@65fa4a07, org.springframework.security.web.savedrequest.RequestCacheAwareFilter@58932d08, org.springframework.security.web.servletapi.SecurityContextHolderAwareRequestFilter@6c2be147, org.springframework.security.web.authentication.AnonymousAuthenticationFilter@782143e8, org.springframework.security.web.session.SessionManagementFilter@fc21ff4, org.springframework.security.web.access.ExceptionTranslationFilter@556843a5, org.springframework.security.web.access.intercept.FilterSecurityInterceptor@7d15c513]
2022-11-02 14:13:40.960 [main] INFO  com.weiho.scaffold.redis.config.RedisConfig - Redis -> [Redis缓存错误处理程序初始化]
2022-11-02 14:13:41.821 [main] INFO  org.apache.coyote.http11.Http11NioProtocol - Starting ProtocolHandler ["http-nio-auto-1"]
2022-11-02 14:13:41.847 [main] INFO  o.a.c.core.ContainerBase.[Tomcat].[localhost].[/] - Initializing Spring DispatcherServlet 'dispatcherServlet'
2022-11-02 14:13:41.847 [main] INFO  org.springframework.web.servlet.DispatcherServlet - Initializing Servlet 'dispatcherServlet'
2022-11-02 14:13:41.849 [main] INFO  org.springframework.web.servlet.DispatcherServlet - Completed initialization in 2 ms
2022-11-02 14:13:41.850 [main] INFO  o.s.boot.web.embedded.tomcat.TomcatWebServer - Tomcat started on port(s): 22021 (http) with context path ''
2022-11-02 14:13:42.427 [main] INFO  o.s.a.rabbit.connection.CachingConnectionFactory - Attempting to connect to: [192.168.137.128:5672]
2022-11-02 14:13:42.537 [main] INFO  o.s.a.rabbit.connection.CachingConnectionFactory - Created new connection: rabbitConnectionFactory#204c5ddf:0/SimpleConnection@45a05350 [delegate=amqp://admin@192.168.137.128:5672/, localPort= 22024]
2022-11-02 14:13:42.604 [main] INFO  c.weiho.scaffold.system.service.NoticeServiceTest - Started NoticeServiceTest in 11.307 seconds (JVM running for 12.774)
2022-11-02 14:13:43.012 [main] DEBUG c.w.scaffold.system.mapper.NoticeMapper.selectList - ==>  Preparing: SELECT id,type,title,content,user_id,is_overdue,create_time,update_time,is_del FROM notice WHERE is_del=0 AND ((title LIKE ? OR content LIKE ?))
2022-11-02 14:13:43.032 [main] DEBUG c.w.scaffold.system.mapper.NoticeMapper.selectList - ==> Parameters: %人员%(String), %人员%(String)
2022-11-02 14:13:43.049 [main] DEBUG c.w.scaffold.system.mapper.NoticeMapper.selectList - <==      Total: 1
2022-11-02 14:13:43.076 [org.springframework.amqp.rabbit.RabbitListenerEndpointContainer#0-2] INFO  o.s.a.r.listener.SimpleMessageListenerContainer - Waiting for workers to finish.
2022-11-02 14:13:43.596 [org.springframework.amqp.rabbit.RabbitListenerEndpointContainer#0-2] INFO  o.s.a.r.listener.SimpleMessageListenerContainer - Successfully waited for workers to finish.
2022-11-02 14:13:43.798 [SpringApplicationShutdownHook] INFO  o.s.a.r.listener.SimpleMessageListenerContainer - Shutdown ignored - container is already stopped
2022-11-02 14:13:43.799 [SpringApplicationShutdownHook] INFO  c.w.s.common.util.spring.SpringContextHolder - SpringContextHolder -> [清除SpringContextHolder中的ApplicationContext:org.springframework.boot.web.servlet.context.AnnotationConfigServletWebServerApplicationContext@6928f576, started on Wed Nov 02 14:13:31 GMT+08:00 2022]
2022-11-02 14:13:43.822 [SpringApplicationShutdownHook] INFO  com.alibaba.druid.pool.DruidDataSource - {dataSource-1} closing ...
2022-11-02 14:13:43.829 [SpringApplicationShutdownHook] INFO  com.alibaba.druid.pool.DruidDataSource - {dataSource-1} closed
2022-11-02 14:22:31.332 [main] INFO  o.s.b.t.context.SpringBootTestContextBootstrapper - Neither @ContextConfiguration nor @ContextHierarchy found for test class [com.weiho.scaffold.system.service.NoticeServiceTest], using SpringBootContextLoader
2022-11-02 14:22:31.340 [main] INFO  o.s.test.context.support.AbstractContextLoader - Could not detect default resource locations for test class [com.weiho.scaffold.system.service.NoticeServiceTest]: no resource found for suffixes {-context.xml, Context.groovy}.
2022-11-02 14:22:31.341 [main] INFO  o.s.t.c.support.AnnotationConfigContextLoaderUtils - Could not detect default configuration classes for test class [com.weiho.scaffold.system.service.NoticeServiceTest]: NoticeServiceTest does not declare any static, non-private, non-final, nested classes annotated with @Configuration.
2022-11-02 14:22:31.515 [main] INFO  o.s.b.t.context.SpringBootTestContextBootstrapper - Found @SpringBootConfiguration com.weiho.scaffold.system.AppRun for test class com.weiho.scaffold.system.service.NoticeServiceTest
2022-11-02 14:22:31.673 [main] INFO  o.s.b.t.context.SpringBootTestContextBootstrapper - Loaded default TestExecutionListener class names from location [META-INF/spring.factories]: [org.springframework.boot.test.mock.mockito.MockitoTestExecutionListener, org.springframework.boot.test.mock.mockito.ResetMocksTestExecutionListener, org.springframework.boot.test.autoconfigure.restdocs.RestDocsTestExecutionListener, org.springframework.boot.test.autoconfigure.web.client.MockRestServiceServerResetTestExecutionListener, org.springframework.boot.test.autoconfigure.web.servlet.MockMvcPrintOnlyOnFailureTestExecutionListener, org.springframework.boot.test.autoconfigure.web.servlet.WebDriverTestExecutionListener, org.springframework.boot.test.autoconfigure.webservices.client.MockWebServiceServerTestExecutionListener, org.springframework.test.context.web.ServletTestExecutionListener, org.springframework.test.context.support.DirtiesContextBeforeModesTestExecutionListener, org.springframework.test.context.event.ApplicationEventsTestExecutionListener, org.springframework.test.context.support.DependencyInjectionTestExecutionListener, org.springframework.test.context.support.DirtiesContextTestExecutionListener, org.springframework.test.context.transaction.TransactionalTestExecutionListener, org.springframework.test.context.jdbc.SqlScriptsTestExecutionListener, org.springframework.test.context.event.EventPublishingTestExecutionListener, org.springframework.security.test.context.support.WithSecurityContextTestExecutionListener, org.springframework.security.test.context.support.ReactorContextTestExecutionListener]
2022-11-02 14:22:31.743 [main] INFO  o.s.b.t.context.SpringBootTestContextBootstrapper - Using TestExecutionListeners: [org.springframework.test.context.web.ServletTestExecutionListener@5443d039, org.springframework.test.context.support.DirtiesContextBeforeModesTestExecutionListener@63787180, org.springframework.test.context.event.ApplicationEventsTestExecutionListener@7d1cfb8b, org.springframework.boot.test.mock.mockito.MockitoTestExecutionListener@48e92c5c, org.springframework.boot.test.autoconfigure.SpringBootDependencyInjectionTestExecutionListener@2e1ef60, org.springframework.test.context.support.DirtiesContextTestExecutionListener@22356acd, org.springframework.test.context.transaction.TransactionalTestExecutionListener@386f0da3, org.springframework.test.context.jdbc.SqlScriptsTestExecutionListener@39655d3e, org.springframework.test.context.event.EventPublishingTestExecutionListener@34f22f9d, org.springframework.security.test.context.support.WithSecurityContextTestExecutionListener@3d1848cc, org.springframework.security.test.context.support.ReactorContextTestExecutionListener@7dda48d9, org.springframework.boot.test.mock.mockito.ResetMocksTestExecutionListener@6e4566f1, org.springframework.boot.test.autoconfigure.restdocs.RestDocsTestExecutionListener@4b6e2263, org.springframework.boot.test.autoconfigure.web.client.MockRestServiceServerResetTestExecutionListener@344f4dea, org.springframework.boot.test.autoconfigure.web.servlet.MockMvcPrintOnlyOnFailureTestExecutionListener@1b7c473a, org.springframework.boot.test.autoconfigure.web.servlet.WebDriverTestExecutionListener@5e4bd84a, org.springframework.boot.test.autoconfigure.webservices.client.MockWebServiceServerTestExecutionListener@648c94da]
2022-11-02 14:22:32.264 [main] INFO  c.weiho.scaffold.system.service.NoticeServiceTest - Starting NoticeServiceTest using Java 1.8.0_144 on LAPTOP-SR0899OB with PID 10248 (started by Weiho in E:\Graduation_ChouChou\Scaffold-Weiho\Scaffold\scaffold-system)
2022-11-02 14:22:32.265 [main] DEBUG c.weiho.scaffold.system.service.NoticeServiceTest - Running with Spring Boot v2.7.0, Spring v5.3.20
2022-11-02 14:22:32.265 [background-preinit] INFO  org.hibernate.validator.internal.util.Version - HV000001: Hibernate Validator 6.2.3.Final
2022-11-02 14:22:32.265 [main] INFO  c.weiho.scaffold.system.service.NoticeServiceTest - No active profile set, falling back to 1 default profile: "default"
2022-11-02 14:22:33.780 [main] INFO  o.s.d.r.config.RepositoryConfigurationDelegate - Multiple Spring Data modules found, entering strict repository configuration mode!
2022-11-02 14:22:33.785 [main] INFO  o.s.d.r.config.RepositoryConfigurationDelegate - Bootstrapping Spring Data Redis repositories in DEFAULT mode.
2022-11-02 14:22:33.820 [main] INFO  o.s.d.r.config.RepositoryConfigurationDelegate - Finished Spring Data repository scanning in 21 ms. Found 0 Redis repository interfaces.
2022-11-02 14:22:35.616 [main] INFO  o.s.boot.web.embedded.tomcat.TomcatWebServer - Tomcat initialized with port(s): 0 (http)
2022-11-02 14:22:35.632 [main] INFO  org.apache.coyote.http11.Http11NioProtocol - Initializing ProtocolHandler ["http-nio-auto-1"]
2022-11-02 14:22:35.632 [main] INFO  org.apache.catalina.core.StandardService - Starting service [Tomcat]
2022-11-02 14:22:35.633 [main] INFO  org.apache.catalina.core.StandardEngine - Starting Servlet engine: [Apache Tomcat/9.0.63]
2022-11-02 14:22:35.787 [main] INFO  o.a.c.core.ContainerBase.[Tomcat].[localhost].[/] - Initializing Spring embedded WebApplicationContext
2022-11-02 14:22:35.787 [main] INFO  o.s.b.w.s.c.ServletWebServerApplicationContext - Root WebApplicationContext: initialization completed in 3484 ms
2022-11-02 14:22:36.347 [main] INFO  c.a.d.s.b.a.DruidDataSourceAutoConfigure - Init DruidDataSource
2022-11-02 14:22:36.874 [main] INFO  com.alibaba.druid.pool.DruidDataSource - {dataSource-1} inited
2022-11-02 14:22:40.774 [main] INFO  c.w.scaffold.common.config.swagger.SwaggerConfig - Swagger -> [Swagger接口文档分组 '需要token验证' 初始化]
2022-11-02 14:22:40.819 [main] INFO  c.w.scaffold.common.config.swagger.SwaggerConfig - Swagger -> [Swagger接口文档分组 '不需要token验证' 初始化]
2022-11-02 14:22:42.155 [main] INFO  o.s.security.web.DefaultSecurityFilterChain - Will secure any request with [org.springframework.security.web.session.DisableEncodeUrlFilter@5e777b0, org.springframework.security.web.context.request.async.WebAsyncManagerIntegrationFilter@3c74d846, org.springframework.security.web.context.SecurityContextPersistenceFilter@35efd12c, org.springframework.security.web.header.HeaderWriterFilter@368ff8be, org.springframework.security.web.authentication.logout.LogoutFilter@28d16af8, org.springframework.web.filter.CorsFilter@45984654, com.weiho.scaffold.system.security.token.filter.TokenFilter@17fa14a3, org.springframework.security.web.savedrequest.RequestCacheAwareFilter@556843a5, org.springframework.security.web.servletapi.SecurityContextHolderAwareRequestFilter@1cda75be, org.springframework.security.web.authentication.AnonymousAuthenticationFilter@5552d10, org.springframework.security.web.session.SessionManagementFilter@2d5d001f, org.springframework.security.web.access.ExceptionTranslationFilter@6d035815, org.springframework.security.web.access.intercept.FilterSecurityInterceptor@25d9298e]
2022-11-02 14:22:42.615 [main] INFO  com.weiho.scaffold.redis.config.RedisConfig - Redis -> [Redis缓存错误处理程序初始化]
2022-11-02 14:22:43.462 [main] INFO  org.apache.coyote.http11.Http11NioProtocol - Starting ProtocolHandler ["http-nio-auto-1"]
2022-11-02 14:22:43.488 [main] INFO  o.a.c.core.ContainerBase.[Tomcat].[localhost].[/] - Initializing Spring DispatcherServlet 'dispatcherServlet'
2022-11-02 14:22:43.488 [main] INFO  org.springframework.web.servlet.DispatcherServlet - Initializing Servlet 'dispatcherServlet'
2022-11-02 14:22:43.490 [main] INFO  org.springframework.web.servlet.DispatcherServlet - Completed initialization in 2 ms
2022-11-02 14:22:43.491 [main] INFO  o.s.boot.web.embedded.tomcat.TomcatWebServer - Tomcat started on port(s): 22379 (http) with context path ''
2022-11-02 14:22:44.109 [main] INFO  o.s.a.rabbit.connection.CachingConnectionFactory - Attempting to connect to: [192.168.137.128:5672]
2022-11-02 14:22:44.214 [main] INFO  o.s.a.rabbit.connection.CachingConnectionFactory - Created new connection: rabbitConnectionFactory#231d3ce:0/SimpleConnection@43c3354 [delegate=amqp://admin@192.168.137.128:5672/, localPort= 22383]
2022-11-02 14:22:44.315 [main] INFO  c.weiho.scaffold.system.service.NoticeServiceTest - Started NoticeServiceTest in 12.525 seconds (JVM running for 14.074)
2022-11-02 14:22:44.773 [main] DEBUG c.w.scaffold.system.mapper.NoticeMapper.selectList - ==>  Preparing: SELECT id,type,title,content,user_id,is_overdue,create_time,update_time,is_del FROM notice WHERE is_del=0 AND ((title LIKE ? OR content LIKE ?) AND is_overdue = ?)
2022-11-02 14:22:44.793 [main] DEBUG c.w.scaffold.system.mapper.NoticeMapper.selectList - ==> Parameters: %人员%(String), %人员%(String), 已过期(String)
2022-11-02 14:22:44.809 [main] DEBUG c.w.scaffold.system.mapper.NoticeMapper.selectList - <==      Total: 1
2022-11-02 14:22:44.834 [org.springframework.amqp.rabbit.RabbitListenerEndpointContainer#0-2] INFO  o.s.a.r.listener.SimpleMessageListenerContainer - Waiting for workers to finish.
2022-11-02 14:22:45.308 [org.springframework.amqp.rabbit.RabbitListenerEndpointContainer#0-2] INFO  o.s.a.r.listener.SimpleMessageListenerContainer - Successfully waited for workers to finish.
2022-11-02 14:22:45.505 [SpringApplicationShutdownHook] INFO  o.s.a.r.listener.SimpleMessageListenerContainer - Shutdown ignored - container is already stopped
2022-11-02 14:22:45.505 [SpringApplicationShutdownHook] INFO  c.w.s.common.util.spring.SpringContextHolder - SpringContextHolder -> [清除SpringContextHolder中的ApplicationContext:org.springframework.boot.web.servlet.context.AnnotationConfigServletWebServerApplicationContext@6928f576, started on Wed Nov 02 14:22:32 GMT+08:00 2022]
2022-11-02 14:22:45.529 [SpringApplicationShutdownHook] INFO  com.alibaba.druid.pool.DruidDataSource - {dataSource-1} closing ...
2022-11-02 14:22:45.536 [SpringApplicationShutdownHook] INFO  com.alibaba.druid.pool.DruidDataSource - {dataSource-1} closed
2022-11-02 14:26:57.532 [main] INFO  o.s.b.t.context.SpringBootTestContextBootstrapper - Neither @ContextConfiguration nor @ContextHierarchy found for test class [com.weiho.scaffold.system.service.NoticeServiceTest], using SpringBootContextLoader
2022-11-02 14:26:57.542 [main] INFO  o.s.test.context.support.AbstractContextLoader - Could not detect default resource locations for test class [com.weiho.scaffold.system.service.NoticeServiceTest]: no resource found for suffixes {-context.xml, Context.groovy}.
2022-11-02 14:26:57.543 [main] INFO  o.s.t.c.support.AnnotationConfigContextLoaderUtils - Could not detect default configuration classes for test class [com.weiho.scaffold.system.service.NoticeServiceTest]: NoticeServiceTest does not declare any static, non-private, non-final, nested classes annotated with @Configuration.
2022-11-02 14:26:57.786 [main] INFO  o.s.b.t.context.SpringBootTestContextBootstrapper - Found @SpringBootConfiguration com.weiho.scaffold.system.AppRun for test class com.weiho.scaffold.system.service.NoticeServiceTest
2022-11-02 14:26:57.962 [main] INFO  o.s.b.t.context.SpringBootTestContextBootstrapper - Loaded default TestExecutionListener class names from location [META-INF/spring.factories]: [org.springframework.boot.test.mock.mockito.MockitoTestExecutionListener, org.springframework.boot.test.mock.mockito.ResetMocksTestExecutionListener, org.springframework.boot.test.autoconfigure.restdocs.RestDocsTestExecutionListener, org.springframework.boot.test.autoconfigure.web.client.MockRestServiceServerResetTestExecutionListener, org.springframework.boot.test.autoconfigure.web.servlet.MockMvcPrintOnlyOnFailureTestExecutionListener, org.springframework.boot.test.autoconfigure.web.servlet.WebDriverTestExecutionListener, org.springframework.boot.test.autoconfigure.webservices.client.MockWebServiceServerTestExecutionListener, org.springframework.test.context.web.ServletTestExecutionListener, org.springframework.test.context.support.DirtiesContextBeforeModesTestExecutionListener, org.springframework.test.context.event.ApplicationEventsTestExecutionListener, org.springframework.test.context.support.DependencyInjectionTestExecutionListener, org.springframework.test.context.support.DirtiesContextTestExecutionListener, org.springframework.test.context.transaction.TransactionalTestExecutionListener, org.springframework.test.context.jdbc.SqlScriptsTestExecutionListener, org.springframework.test.context.event.EventPublishingTestExecutionListener, org.springframework.security.test.context.support.WithSecurityContextTestExecutionListener, org.springframework.security.test.context.support.ReactorContextTestExecutionListener]
2022-11-02 14:26:57.992 [main] INFO  o.s.b.t.context.SpringBootTestContextBootstrapper - Using TestExecutionListeners: [org.springframework.test.context.web.ServletTestExecutionListener@5443d039, org.springframework.test.context.support.DirtiesContextBeforeModesTestExecutionListener@63787180, org.springframework.test.context.event.ApplicationEventsTestExecutionListener@7d1cfb8b, org.springframework.boot.test.mock.mockito.MockitoTestExecutionListener@48e92c5c, org.springframework.boot.test.autoconfigure.SpringBootDependencyInjectionTestExecutionListener@2e1ef60, org.springframework.test.context.support.DirtiesContextTestExecutionListener@22356acd, org.springframework.test.context.transaction.TransactionalTestExecutionListener@386f0da3, org.springframework.test.context.jdbc.SqlScriptsTestExecutionListener@39655d3e, org.springframework.test.context.event.EventPublishingTestExecutionListener@34f22f9d, org.springframework.security.test.context.support.WithSecurityContextTestExecutionListener@3d1848cc, org.springframework.security.test.context.support.ReactorContextTestExecutionListener@7dda48d9, org.springframework.boot.test.mock.mockito.ResetMocksTestExecutionListener@6e4566f1, org.springframework.boot.test.autoconfigure.restdocs.RestDocsTestExecutionListener@4b6e2263, org.springframework.boot.test.autoconfigure.web.client.MockRestServiceServerResetTestExecutionListener@344f4dea, org.springframework.boot.test.autoconfigure.web.servlet.MockMvcPrintOnlyOnFailureTestExecutionListener@1b7c473a, org.springframework.boot.test.autoconfigure.web.servlet.WebDriverTestExecutionListener@5e4bd84a, org.springframework.boot.test.autoconfigure.webservices.client.MockWebServiceServerTestExecutionListener@648c94da]
2022-11-02 14:26:58.610 [background-preinit] INFO  org.hibernate.validator.internal.util.Version - HV000001: Hibernate Validator 6.2.3.Final
2022-11-02 14:26:58.633 [main] INFO  c.weiho.scaffold.system.service.NoticeServiceTest - Starting NoticeServiceTest using Java 1.8.0_144 on LAPTOP-SR0899OB with PID 14828 (started by Weiho in E:\Graduation_ChouChou\Scaffold-Weiho\Scaffold\scaffold-system)
2022-11-02 14:26:58.633 [main] DEBUG c.weiho.scaffold.system.service.NoticeServiceTest - Running with Spring Boot v2.7.0, Spring v5.3.20
2022-11-02 14:26:58.634 [main] INFO  c.weiho.scaffold.system.service.NoticeServiceTest - No active profile set, falling back to 1 default profile: "default"
2022-11-02 14:27:00.163 [main] INFO  o.s.d.r.config.RepositoryConfigurationDelegate - Multiple Spring Data modules found, entering strict repository configuration mode!
2022-11-02 14:27:00.166 [main] INFO  o.s.d.r.config.RepositoryConfigurationDelegate - Bootstrapping Spring Data Redis repositories in DEFAULT mode.
2022-11-02 14:27:00.197 [main] INFO  o.s.d.r.config.RepositoryConfigurationDelegate - Finished Spring Data repository scanning in 19 ms. Found 0 Redis repository interfaces.
2022-11-02 14:27:01.992 [main] INFO  o.s.boot.web.embedded.tomcat.TomcatWebServer - Tomcat initialized with port(s): 0 (http)
2022-11-02 14:27:02.005 [main] INFO  org.apache.coyote.http11.Http11NioProtocol - Initializing ProtocolHandler ["http-nio-auto-1"]
2022-11-02 14:27:02.005 [main] INFO  org.apache.catalina.core.StandardService - Starting service [Tomcat]
2022-11-02 14:27:02.005 [main] INFO  org.apache.catalina.core.StandardEngine - Starting Servlet engine: [Apache Tomcat/9.0.63]
2022-11-02 14:27:02.159 [main] INFO  o.a.c.core.ContainerBase.[Tomcat].[localhost].[/] - Initializing Spring embedded WebApplicationContext
2022-11-02 14:27:02.159 [main] INFO  o.s.b.w.s.c.ServletWebServerApplicationContext - Root WebApplicationContext: initialization completed in 3487 ms
2022-11-02 14:27:02.679 [main] INFO  c.a.d.s.b.a.DruidDataSourceAutoConfigure - Init DruidDataSource
2022-11-02 14:27:03.204 [main] INFO  com.alibaba.druid.pool.DruidDataSource - {dataSource-1} inited
2022-11-02 14:27:06.716 [main] INFO  c.w.scaffold.common.config.swagger.SwaggerConfig - Swagger -> [Swagger接口文档分组 '需要token验证' 初始化]
2022-11-02 14:27:06.753 [main] INFO  c.w.scaffold.common.config.swagger.SwaggerConfig - Swagger -> [Swagger接口文档分组 '不需要token验证' 初始化]
2022-11-02 14:27:07.899 [main] INFO  o.s.security.web.DefaultSecurityFilterChain - Will secure any request with [org.springframework.security.web.session.DisableEncodeUrlFilter@2c6a6ce3, org.springframework.security.web.context.request.async.WebAsyncManagerIntegrationFilter@726a5e6a, org.springframework.security.web.context.SecurityContextPersistenceFilter@177302d6, org.springframework.security.web.header.HeaderWriterFilter@97cb8dc, org.springframework.security.web.authentication.logout.LogoutFilter@2213854b, org.springframework.web.filter.CorsFilter@45984654, com.weiho.scaffold.system.security.token.filter.TokenFilter@4e3a6c83, org.springframework.security.web.savedrequest.RequestCacheAwareFilter@30adae45, org.springframework.security.web.servletapi.SecurityContextHolderAwareRequestFilter@23aaa756, org.springframework.security.web.authentication.AnonymousAuthenticationFilter@b889cb6, org.springframework.security.web.session.SessionManagementFilter@d960561, org.springframework.security.web.access.ExceptionTranslationFilter@33239d72, org.springframework.security.web.access.intercept.FilterSecurityInterceptor@7aaf6bfd]
2022-11-02 14:27:08.246 [main] INFO  com.weiho.scaffold.redis.config.RedisConfig - Redis -> [Redis缓存错误处理程序初始化]
2022-11-02 14:27:08.990 [main] INFO  org.apache.coyote.http11.Http11NioProtocol - Starting ProtocolHandler ["http-nio-auto-1"]
2022-11-02 14:27:09.020 [main] INFO  o.a.c.core.ContainerBase.[Tomcat].[localhost].[/] - Initializing Spring DispatcherServlet 'dispatcherServlet'
2022-11-02 14:27:09.021 [main] INFO  org.springframework.web.servlet.DispatcherServlet - Initializing Servlet 'dispatcherServlet'
2022-11-02 14:27:09.022 [main] INFO  org.springframework.web.servlet.DispatcherServlet - Completed initialization in 1 ms
2022-11-02 14:27:09.023 [main] INFO  o.s.boot.web.embedded.tomcat.TomcatWebServer - Tomcat started on port(s): 22605 (http) with context path ''
2022-11-02 14:27:09.682 [main] INFO  o.s.a.rabbit.connection.CachingConnectionFactory - Attempting to connect to: [192.168.137.128:5672]
2022-11-02 14:27:09.773 [main] INFO  o.s.a.rabbit.connection.CachingConnectionFactory - Created new connection: rabbitConnectionFactory#231d3ce:0/SimpleConnection@39a03ccc [delegate=amqp://admin@192.168.137.128:5672/, localPort= 22608]
2022-11-02 14:27:09.855 [main] INFO  c.weiho.scaffold.system.service.NoticeServiceTest - Started NoticeServiceTest in 11.795 seconds (JVM running for 13.347)
2022-11-02 14:27:10.277 [main] DEBUG c.w.scaffold.system.mapper.NoticeMapper.selectList - ==>  Preparing: SELECT id,type,title,content,user_id,is_overdue,create_time,update_time,is_del FROM notice WHERE is_del=0 AND (is_overdue = ?)
2022-11-02 14:27:10.297 [main] DEBUG c.w.scaffold.system.mapper.NoticeMapper.selectList - ==> Parameters: 1(Integer)
2022-11-02 14:27:10.309 [main] DEBUG c.w.scaffold.system.mapper.NoticeMapper.selectList - <==      Total: 0
2022-11-02 14:27:10.330 [org.springframework.amqp.rabbit.RabbitListenerEndpointContainer#0-2] INFO  o.s.a.r.listener.SimpleMessageListenerContainer - Waiting for workers to finish.
2022-11-02 14:27:10.842 [org.springframework.amqp.rabbit.RabbitListenerEndpointContainer#0-2] INFO  o.s.a.r.listener.SimpleMessageListenerContainer - Successfully waited for workers to finish.
2022-11-02 14:27:11.043 [SpringApplicationShutdownHook] INFO  o.s.a.r.listener.SimpleMessageListenerContainer - Shutdown ignored - container is already stopped
2022-11-02 14:27:11.044 [SpringApplicationShutdownHook] INFO  c.w.s.common.util.spring.SpringContextHolder - SpringContextHolder -> [清除SpringContextHolder中的ApplicationContext:org.springframework.boot.web.servlet.context.AnnotationConfigServletWebServerApplicationContext@6928f576, started on Wed Nov 02 14:26:58 GMT+08:00 2022]
2022-11-02 14:27:11.071 [SpringApplicationShutdownHook] INFO  com.alibaba.druid.pool.DruidDataSource - {dataSource-1} closing ...
2022-11-02 14:27:11.079 [SpringApplicationShutdownHook] INFO  com.alibaba.druid.pool.DruidDataSource - {dataSource-1} closed
2022-11-02 14:28:12.952 [main] INFO  o.s.b.t.context.SpringBootTestContextBootstrapper - Neither @ContextConfiguration nor @ContextHierarchy found for test class [com.weiho.scaffold.system.service.NoticeServiceTest], using SpringBootContextLoader
2022-11-02 14:28:12.964 [main] INFO  o.s.test.context.support.AbstractContextLoader - Could not detect default resource locations for test class [com.weiho.scaffold.system.service.NoticeServiceTest]: no resource found for suffixes {-context.xml, Context.groovy}.
2022-11-02 14:28:12.965 [main] INFO  o.s.t.c.support.AnnotationConfigContextLoaderUtils - Could not detect default configuration classes for test class [com.weiho.scaffold.system.service.NoticeServiceTest]: NoticeServiceTest does not declare any static, non-private, non-final, nested classes annotated with @Configuration.
2022-11-02 14:28:13.281 [main] INFO  o.s.b.t.context.SpringBootTestContextBootstrapper - Found @SpringBootConfiguration com.weiho.scaffold.system.AppRun for test class com.weiho.scaffold.system.service.NoticeServiceTest
2022-11-02 14:28:13.465 [main] INFO  o.s.b.t.context.SpringBootTestContextBootstrapper - Loaded default TestExecutionListener class names from location [META-INF/spring.factories]: [org.springframework.boot.test.mock.mockito.MockitoTestExecutionListener, org.springframework.boot.test.mock.mockito.ResetMocksTestExecutionListener, org.springframework.boot.test.autoconfigure.restdocs.RestDocsTestExecutionListener, org.springframework.boot.test.autoconfigure.web.client.MockRestServiceServerResetTestExecutionListener, org.springframework.boot.test.autoconfigure.web.servlet.MockMvcPrintOnlyOnFailureTestExecutionListener, org.springframework.boot.test.autoconfigure.web.servlet.WebDriverTestExecutionListener, org.springframework.boot.test.autoconfigure.webservices.client.MockWebServiceServerTestExecutionListener, org.springframework.test.context.web.ServletTestExecutionListener, org.springframework.test.context.support.DirtiesContextBeforeModesTestExecutionListener, org.springframework.test.context.event.ApplicationEventsTestExecutionListener, org.springframework.test.context.support.DependencyInjectionTestExecutionListener, org.springframework.test.context.support.DirtiesContextTestExecutionListener, org.springframework.test.context.transaction.TransactionalTestExecutionListener, org.springframework.test.context.jdbc.SqlScriptsTestExecutionListener, org.springframework.test.context.event.EventPublishingTestExecutionListener, org.springframework.security.test.context.support.WithSecurityContextTestExecutionListener, org.springframework.security.test.context.support.ReactorContextTestExecutionListener]
2022-11-02 14:28:13.502 [main] INFO  o.s.b.t.context.SpringBootTestContextBootstrapper - Using TestExecutionListeners: [org.springframework.test.context.web.ServletTestExecutionListener@5443d039, org.springframework.test.context.support.DirtiesContextBeforeModesTestExecutionListener@63787180, org.springframework.test.context.event.ApplicationEventsTestExecutionListener@7d1cfb8b, org.springframework.boot.test.mock.mockito.MockitoTestExecutionListener@48e92c5c, org.springframework.boot.test.autoconfigure.SpringBootDependencyInjectionTestExecutionListener@2e1ef60, org.springframework.test.context.support.DirtiesContextTestExecutionListener@22356acd, org.springframework.test.context.transaction.TransactionalTestExecutionListener@386f0da3, org.springframework.test.context.jdbc.SqlScriptsTestExecutionListener@39655d3e, org.springframework.test.context.event.EventPublishingTestExecutionListener@34f22f9d, org.springframework.security.test.context.support.WithSecurityContextTestExecutionListener@3d1848cc, org.springframework.security.test.context.support.ReactorContextTestExecutionListener@7dda48d9, org.springframework.boot.test.mock.mockito.ResetMocksTestExecutionListener@6e4566f1, org.springframework.boot.test.autoconfigure.restdocs.RestDocsTestExecutionListener@4b6e2263, org.springframework.boot.test.autoconfigure.web.client.MockRestServiceServerResetTestExecutionListener@344f4dea, org.springframework.boot.test.autoconfigure.web.servlet.MockMvcPrintOnlyOnFailureTestExecutionListener@1b7c473a, org.springframework.boot.test.autoconfigure.web.servlet.WebDriverTestExecutionListener@5e4bd84a, org.springframework.boot.test.autoconfigure.webservices.client.MockWebServiceServerTestExecutionListener@648c94da]
2022-11-02 14:28:14.102 [background-preinit] INFO  org.hibernate.validator.internal.util.Version - HV000001: Hibernate Validator 6.2.3.Final
2022-11-02 14:28:14.112 [main] INFO  c.weiho.scaffold.system.service.NoticeServiceTest - Starting NoticeServiceTest using Java 1.8.0_144 on LAPTOP-SR0899OB with PID 13756 (started by Weiho in E:\Graduation_ChouChou\Scaffold-Weiho\Scaffold\scaffold-system)
2022-11-02 14:28:14.112 [main] DEBUG c.weiho.scaffold.system.service.NoticeServiceTest - Running with Spring Boot v2.7.0, Spring v5.3.20
2022-11-02 14:28:14.113 [main] INFO  c.weiho.scaffold.system.service.NoticeServiceTest - No active profile set, falling back to 1 default profile: "default"
2022-11-02 14:28:15.609 [main] INFO  o.s.d.r.config.RepositoryConfigurationDelegate - Multiple Spring Data modules found, entering strict repository configuration mode!
2022-11-02 14:28:15.612 [main] INFO  o.s.d.r.config.RepositoryConfigurationDelegate - Bootstrapping Spring Data Redis repositories in DEFAULT mode.
2022-11-02 14:28:15.648 [main] INFO  o.s.d.r.config.RepositoryConfigurationDelegate - Finished Spring Data repository scanning in 21 ms. Found 0 Redis repository interfaces.
2022-11-02 14:28:17.356 [main] INFO  o.s.boot.web.embedded.tomcat.TomcatWebServer - Tomcat initialized with port(s): 0 (http)
2022-11-02 14:28:17.369 [main] INFO  org.apache.coyote.http11.Http11NioProtocol - Initializing ProtocolHandler ["http-nio-auto-1"]
2022-11-02 14:28:17.369 [main] INFO  org.apache.catalina.core.StandardService - Starting service [Tomcat]
2022-11-02 14:28:17.370 [main] INFO  org.apache.catalina.core.StandardEngine - Starting Servlet engine: [Apache Tomcat/9.0.63]
2022-11-02 14:28:17.531 [main] INFO  o.a.c.core.ContainerBase.[Tomcat].[localhost].[/] - Initializing Spring embedded WebApplicationContext
2022-11-02 14:28:17.531 [main] INFO  o.s.b.w.s.c.ServletWebServerApplicationContext - Root WebApplicationContext: initialization completed in 3375 ms
2022-11-02 14:28:18.095 [main] INFO  c.a.d.s.b.a.DruidDataSourceAutoConfigure - Init DruidDataSource
2022-11-02 14:28:18.873 [main] INFO  com.alibaba.druid.pool.DruidDataSource - {dataSource-1} inited
2022-11-02 14:28:22.642 [main] INFO  c.w.scaffold.common.config.swagger.SwaggerConfig - Swagger -> [Swagger接口文档分组 '需要token验证' 初始化]
2022-11-02 14:28:22.680 [main] INFO  c.w.scaffold.common.config.swagger.SwaggerConfig - Swagger -> [Swagger接口文档分组 '不需要token验证' 初始化]
2022-11-02 14:28:23.903 [main] INFO  o.s.security.web.DefaultSecurityFilterChain - Will secure any request with [org.springframework.security.web.session.DisableEncodeUrlFilter@54c37dab, org.springframework.security.web.context.request.async.WebAsyncManagerIntegrationFilter@49005dc4, org.springframework.security.web.context.SecurityContextPersistenceFilter@6d035815, org.springframework.security.web.header.HeaderWriterFilter@244268a8, org.springframework.security.web.authentication.logout.LogoutFilter@50f6ecab, org.springframework.web.filter.CorsFilter@45984654, com.weiho.scaffold.system.security.token.filter.TokenFilter@6a2057e, org.springframework.security.web.savedrequest.RequestCacheAwareFilter@2d5d001f, org.springframework.security.web.servletapi.SecurityContextHolderAwareRequestFilter@70f76276, org.springframework.security.web.authentication.AnonymousAuthenticationFilter@25d9298e, org.springframework.security.web.session.SessionManagementFilter@21046afa, org.springframework.security.web.access.ExceptionTranslationFilter@2dcbf825, org.springframework.security.web.access.intercept.FilterSecurityInterceptor@6a4f7c17]
2022-11-02 14:28:24.313 [main] INFO  com.weiho.scaffold.redis.config.RedisConfig - Redis -> [Redis缓存错误处理程序初始化]
2022-11-02 14:28:25.190 [main] INFO  org.apache.coyote.http11.Http11NioProtocol - Starting ProtocolHandler ["http-nio-auto-1"]
2022-11-02 14:28:25.216 [main] INFO  o.a.c.core.ContainerBase.[Tomcat].[localhost].[/] - Initializing Spring DispatcherServlet 'dispatcherServlet'
2022-11-02 14:28:25.216 [main] INFO  org.springframework.web.servlet.DispatcherServlet - Initializing Servlet 'dispatcherServlet'
2022-11-02 14:28:25.219 [main] INFO  org.springframework.web.servlet.DispatcherServlet - Completed initialization in 2 ms
2022-11-02 14:28:25.220 [main] INFO  o.s.boot.web.embedded.tomcat.TomcatWebServer - Tomcat started on port(s): 22670 (http) with context path ''
2022-11-02 14:28:25.864 [main] INFO  o.s.a.rabbit.connection.CachingConnectionFactory - Attempting to connect to: [192.168.137.128:5672]
2022-11-02 14:28:25.971 [main] INFO  o.s.a.rabbit.connection.CachingConnectionFactory - Created new connection: rabbitConnectionFactory#231d3ce:0/SimpleConnection@981d9d2 [delegate=amqp://admin@192.168.137.128:5672/, localPort= 22673]
2022-11-02 14:28:26.052 [main] INFO  c.weiho.scaffold.system.service.NoticeServiceTest - Started NoticeServiceTest in 12.473 seconds (JVM running for 14.361)
2022-11-02 14:28:26.400 [main] DEBUG c.w.scaffold.system.mapper.NoticeMapper.selectList - ==>  Preparing: SELECT id,type,title,content,user_id,is_overdue,create_time,update_time,is_del FROM notice WHERE is_del=0 AND (type = ?)
2022-11-02 14:28:26.417 [main] DEBUG c.w.scaffold.system.mapper.NoticeMapper.selectList - ==> Parameters: 2(Integer)
2022-11-02 14:28:26.431 [main] DEBUG c.w.scaffold.system.mapper.NoticeMapper.selectList - <==      Total: 1
2022-11-02 14:28:26.453 [org.springframework.amqp.rabbit.RabbitListenerEndpointContainer#0-2] INFO  o.s.a.r.listener.SimpleMessageListenerContainer - Waiting for workers to finish.
2022-11-02 14:28:27.042 [org.springframework.amqp.rabbit.RabbitListenerEndpointContainer#0-2] INFO  o.s.a.r.listener.SimpleMessageListenerContainer - Successfully waited for workers to finish.
2022-11-02 14:28:27.240 [SpringApplicationShutdownHook] INFO  o.s.a.r.listener.SimpleMessageListenerContainer - Shutdown ignored - container is already stopped
2022-11-02 14:28:27.240 [SpringApplicationShutdownHook] INFO  c.w.s.common.util.spring.SpringContextHolder - SpringContextHolder -> [清除SpringContextHolder中的ApplicationContext:org.springframework.boot.web.servlet.context.AnnotationConfigServletWebServerApplicationContext@6928f576, started on Wed Nov 02 14:28:14 GMT+08:00 2022]
2022-11-02 14:28:27.263 [SpringApplicationShutdownHook] INFO  com.alibaba.druid.pool.DruidDataSource - {dataSource-1} closing ...
2022-11-02 14:28:27.271 [SpringApplicationShutdownHook] INFO  com.alibaba.druid.pool.DruidDataSource - {dataSource-1} closed
2022-11-02 15:20:13.134 [main] INFO  o.s.b.t.context.SpringBootTestContextBootstrapper - Neither @ContextConfiguration nor @ContextHierarchy found for test class [com.weiho.scaffold.system.service.NoticeServiceTest], using SpringBootContextLoader
2022-11-02 15:20:13.146 [main] INFO  o.s.test.context.support.AbstractContextLoader - Could not detect default resource locations for test class [com.weiho.scaffold.system.service.NoticeServiceTest]: no resource found for suffixes {-context.xml, Context.groovy}.
2022-11-02 15:20:13.147 [main] INFO  o.s.t.c.support.AnnotationConfigContextLoaderUtils - Could not detect default configuration classes for test class [com.weiho.scaffold.system.service.NoticeServiceTest]: NoticeServiceTest does not declare any static, non-private, non-final, nested classes annotated with @Configuration.
2022-11-02 15:20:13.355 [main] INFO  o.s.b.t.context.SpringBootTestContextBootstrapper - Found @SpringBootConfiguration com.weiho.scaffold.system.AppRun for test class com.weiho.scaffold.system.service.NoticeServiceTest
2022-11-02 15:20:13.487 [main] INFO  o.s.b.t.context.SpringBootTestContextBootstrapper - Loaded default TestExecutionListener class names from location [META-INF/spring.factories]: [org.springframework.boot.test.mock.mockito.MockitoTestExecutionListener, org.springframework.boot.test.mock.mockito.ResetMocksTestExecutionListener, org.springframework.boot.test.autoconfigure.restdocs.RestDocsTestExecutionListener, org.springframework.boot.test.autoconfigure.web.client.MockRestServiceServerResetTestExecutionListener, org.springframework.boot.test.autoconfigure.web.servlet.MockMvcPrintOnlyOnFailureTestExecutionListener, org.springframework.boot.test.autoconfigure.web.servlet.WebDriverTestExecutionListener, org.springframework.boot.test.autoconfigure.webservices.client.MockWebServiceServerTestExecutionListener, org.springframework.test.context.web.ServletTestExecutionListener, org.springframework.test.context.support.DirtiesContextBeforeModesTestExecutionListener, org.springframework.test.context.event.ApplicationEventsTestExecutionListener, org.springframework.test.context.support.DependencyInjectionTestExecutionListener, org.springframework.test.context.support.DirtiesContextTestExecutionListener, org.springframework.test.context.transaction.TransactionalTestExecutionListener, org.springframework.test.context.jdbc.SqlScriptsTestExecutionListener, org.springframework.test.context.event.EventPublishingTestExecutionListener, org.springframework.security.test.context.support.WithSecurityContextTestExecutionListener, org.springframework.security.test.context.support.ReactorContextTestExecutionListener]
2022-11-02 15:20:13.516 [main] INFO  o.s.b.t.context.SpringBootTestContextBootstrapper - Using TestExecutionListeners: [org.springframework.test.context.web.ServletTestExecutionListener@5443d039, org.springframework.test.context.support.DirtiesContextBeforeModesTestExecutionListener@63787180, org.springframework.test.context.event.ApplicationEventsTestExecutionListener@7d1cfb8b, org.springframework.boot.test.mock.mockito.MockitoTestExecutionListener@48e92c5c, org.springframework.boot.test.autoconfigure.SpringBootDependencyInjectionTestExecutionListener@2e1ef60, org.springframework.test.context.support.DirtiesContextTestExecutionListener@22356acd, org.springframework.test.context.transaction.TransactionalTestExecutionListener@386f0da3, org.springframework.test.context.jdbc.SqlScriptsTestExecutionListener@39655d3e, org.springframework.test.context.event.EventPublishingTestExecutionListener@34f22f9d, org.springframework.security.test.context.support.WithSecurityContextTestExecutionListener@3d1848cc, org.springframework.security.test.context.support.ReactorContextTestExecutionListener@7dda48d9, org.springframework.boot.test.mock.mockito.ResetMocksTestExecutionListener@6e4566f1, org.springframework.boot.test.autoconfigure.restdocs.RestDocsTestExecutionListener@4b6e2263, org.springframework.boot.test.autoconfigure.web.client.MockRestServiceServerResetTestExecutionListener@344f4dea, org.springframework.boot.test.autoconfigure.web.servlet.MockMvcPrintOnlyOnFailureTestExecutionListener@1b7c473a, org.springframework.boot.test.autoconfigure.web.servlet.WebDriverTestExecutionListener@5e4bd84a, org.springframework.boot.test.autoconfigure.webservices.client.MockWebServiceServerTestExecutionListener@648c94da]
2022-11-02 15:20:14.058 [background-preinit] INFO  org.hibernate.validator.internal.util.Version - HV000001: Hibernate Validator 6.2.3.Final
2022-11-02 15:20:14.066 [main] INFO  c.weiho.scaffold.system.service.NoticeServiceTest - Starting NoticeServiceTest using Java 1.8.0_144 on LAPTOP-SR0899OB with PID 21636 (started by Weiho in E:\Graduation_ChouChou\Scaffold-Weiho\Scaffold\scaffold-system)
2022-11-02 15:20:14.066 [main] DEBUG c.weiho.scaffold.system.service.NoticeServiceTest - Running with Spring Boot v2.7.0, Spring v5.3.20
2022-11-02 15:20:14.066 [main] INFO  c.weiho.scaffold.system.service.NoticeServiceTest - No active profile set, falling back to 1 default profile: "default"
2022-11-02 15:20:15.361 [main] INFO  o.s.d.r.config.RepositoryConfigurationDelegate - Multiple Spring Data modules found, entering strict repository configuration mode!
2022-11-02 15:20:15.364 [main] INFO  o.s.d.r.config.RepositoryConfigurationDelegate - Bootstrapping Spring Data Redis repositories in DEFAULT mode.
2022-11-02 15:20:15.397 [main] INFO  o.s.d.r.config.RepositoryConfigurationDelegate - Finished Spring Data repository scanning in 19 ms. Found 0 Redis repository interfaces.
2022-11-02 15:20:17.256 [main] INFO  o.s.boot.web.embedded.tomcat.TomcatWebServer - Tomcat initialized with port(s): 0 (http)
2022-11-02 15:20:17.268 [main] INFO  org.apache.coyote.http11.Http11NioProtocol - Initializing ProtocolHandler ["http-nio-auto-1"]
2022-11-02 15:20:17.268 [main] INFO  org.apache.catalina.core.StandardService - Starting service [Tomcat]
2022-11-02 15:20:17.269 [main] INFO  org.apache.catalina.core.StandardEngine - Starting Servlet engine: [Apache Tomcat/9.0.63]
2022-11-02 15:20:17.459 [main] INFO  o.a.c.core.ContainerBase.[Tomcat].[localhost].[/] - Initializing Spring embedded WebApplicationContext
2022-11-02 15:20:17.459 [main] INFO  o.s.b.w.s.c.ServletWebServerApplicationContext - Root WebApplicationContext: initialization completed in 3356 ms
2022-11-02 15:20:18.183 [main] INFO  c.a.d.s.b.a.DruidDataSourceAutoConfigure - Init DruidDataSource
2022-11-02 15:20:18.791 [main] INFO  com.alibaba.druid.pool.DruidDataSource - {dataSource-1} inited
2022-11-02 15:20:22.699 [main] INFO  c.w.scaffold.common.config.swagger.SwaggerConfig - Swagger -> [Swagger接口文档分组 '需要token验证' 初始化]
2022-11-02 15:20:22.734 [main] INFO  c.w.scaffold.common.config.swagger.SwaggerConfig - Swagger -> [Swagger接口文档分组 '不需要token验证' 初始化]
2022-11-02 15:20:24.140 [main] INFO  o.s.security.web.DefaultSecurityFilterChain - Will secure any request with [org.springframework.security.web.session.DisableEncodeUrlFilter@3a359f7c, org.springframework.security.web.context.request.async.WebAsyncManagerIntegrationFilter@138b9abe, org.springframework.security.web.context.SecurityContextPersistenceFilter@6e5af973, org.springframework.security.web.header.HeaderWriterFilter@58932d08, org.springframework.security.web.authentication.logout.LogoutFilter@7f5f7731, org.springframework.web.filter.CorsFilter@45984654, com.weiho.scaffold.system.security.token.filter.TokenFilter@279e8bc0, org.springframework.security.web.savedrequest.RequestCacheAwareFilter@43e30f15, org.springframework.security.web.servletapi.SecurityContextHolderAwareRequestFilter@2f2d8770, org.springframework.security.web.authentication.AnonymousAuthenticationFilter@23ffc910, org.springframework.security.web.session.SessionManagementFilter@340c7479, org.springframework.security.web.access.ExceptionTranslationFilter@603faaad, org.springframework.security.web.access.intercept.FilterSecurityInterceptor@233789d9]
2022-11-02 15:20:24.468 [main] INFO  com.weiho.scaffold.redis.config.RedisConfig - Redis -> [Redis缓存错误处理程序初始化]
2022-11-02 15:20:25.402 [main] INFO  org.apache.coyote.http11.Http11NioProtocol - Starting ProtocolHandler ["http-nio-auto-1"]
2022-11-02 15:20:25.429 [main] INFO  o.a.c.core.ContainerBase.[Tomcat].[localhost].[/] - Initializing Spring DispatcherServlet 'dispatcherServlet'
2022-11-02 15:20:25.429 [main] INFO  org.springframework.web.servlet.DispatcherServlet - Initializing Servlet 'dispatcherServlet'
2022-11-02 15:20:25.430 [main] INFO  org.springframework.web.servlet.DispatcherServlet - Completed initialization in 1 ms
2022-11-02 15:20:25.431 [main] INFO  o.s.boot.web.embedded.tomcat.TomcatWebServer - Tomcat started on port(s): 24561 (http) with context path ''
2022-11-02 15:20:26.216 [main] INFO  o.s.a.rabbit.connection.CachingConnectionFactory - Attempting to connect to: [192.168.137.128:5672]
2022-11-02 15:20:26.350 [main] INFO  o.s.a.rabbit.connection.CachingConnectionFactory - Created new connection: rabbitConnectionFactory#4f9213d2:0/SimpleConnection@752fecbf [delegate=amqp://admin@192.168.137.128:5672/, localPort= 24564]
2022-11-02 15:20:26.483 [main] INFO  c.weiho.scaffold.system.service.NoticeServiceTest - Started NoticeServiceTest in 12.916 seconds (JVM running for 14.396)
2022-11-02 15:20:27.112 [main] DEBUG c.w.scaffold.system.mapper.NoticeMapper.selectList - ==>  Preparing: SELECT distinct user_id FROM notice WHERE is_del=0
2022-11-02 15:20:27.136 [main] DEBUG c.w.scaffold.system.mapper.NoticeMapper.selectList - ==> Parameters: 
2022-11-02 15:20:27.154 [main] DEBUG c.w.scaffold.system.mapper.NoticeMapper.selectList - <==      Total: 2
2022-11-02 15:20:27.180 [org.springframework.amqp.rabbit.RabbitListenerEndpointContainer#0-2] INFO  o.s.a.r.listener.SimpleMessageListenerContainer - Waiting for workers to finish.
2022-11-02 15:20:27.468 [org.springframework.amqp.rabbit.RabbitListenerEndpointContainer#0-2] INFO  o.s.a.r.listener.SimpleMessageListenerContainer - Successfully waited for workers to finish.
2022-11-02 15:20:27.734 [SpringApplicationShutdownHook] INFO  o.s.a.r.listener.SimpleMessageListenerContainer - Shutdown ignored - container is already stopped
2022-11-02 15:20:27.734 [SpringApplicationShutdownHook] INFO  c.w.s.common.util.spring.SpringContextHolder - SpringContextHolder -> [清除SpringContextHolder中的ApplicationContext:org.springframework.boot.web.servlet.context.AnnotationConfigServletWebServerApplicationContext@6928f576, started on Wed Nov 02 15:20:14 GMT+08:00 2022]
2022-11-02 15:20:27.779 [SpringApplicationShutdownHook] INFO  com.alibaba.druid.pool.DruidDataSource - {dataSource-1} closing ...
2022-11-02 15:20:27.787 [SpringApplicationShutdownHook] INFO  com.alibaba.druid.pool.DruidDataSource - {dataSource-1} closed
2022-11-02 15:21:34.671 [main] INFO  o.s.b.t.context.SpringBootTestContextBootstrapper - Neither @ContextConfiguration nor @ContextHierarchy found for test class [com.weiho.scaffold.system.service.NoticeServiceTest], using SpringBootContextLoader
2022-11-02 15:21:34.681 [main] INFO  o.s.test.context.support.AbstractContextLoader - Could not detect default resource locations for test class [com.weiho.scaffold.system.service.NoticeServiceTest]: no resource found for suffixes {-context.xml, Context.groovy}.
2022-11-02 15:21:34.682 [main] INFO  o.s.t.c.support.AnnotationConfigContextLoaderUtils - Could not detect default configuration classes for test class [com.weiho.scaffold.system.service.NoticeServiceTest]: NoticeServiceTest does not declare any static, non-private, non-final, nested classes annotated with @Configuration.
2022-11-02 15:21:34.867 [main] INFO  o.s.b.t.context.SpringBootTestContextBootstrapper - Found @SpringBootConfiguration com.weiho.scaffold.system.AppRun for test class com.weiho.scaffold.system.service.NoticeServiceTest
2022-11-02 15:21:35.019 [main] INFO  o.s.b.t.context.SpringBootTestContextBootstrapper - Loaded default TestExecutionListener class names from location [META-INF/spring.factories]: [org.springframework.boot.test.mock.mockito.MockitoTestExecutionListener, org.springframework.boot.test.mock.mockito.ResetMocksTestExecutionListener, org.springframework.boot.test.autoconfigure.restdocs.RestDocsTestExecutionListener, org.springframework.boot.test.autoconfigure.web.client.MockRestServiceServerResetTestExecutionListener, org.springframework.boot.test.autoconfigure.web.servlet.MockMvcPrintOnlyOnFailureTestExecutionListener, org.springframework.boot.test.autoconfigure.web.servlet.WebDriverTestExecutionListener, org.springframework.boot.test.autoconfigure.webservices.client.MockWebServiceServerTestExecutionListener, org.springframework.test.context.web.ServletTestExecutionListener, org.springframework.test.context.support.DirtiesContextBeforeModesTestExecutionListener, org.springframework.test.context.event.ApplicationEventsTestExecutionListener, org.springframework.test.context.support.DependencyInjectionTestExecutionListener, org.springframework.test.context.support.DirtiesContextTestExecutionListener, org.springframework.test.context.transaction.TransactionalTestExecutionListener, org.springframework.test.context.jdbc.SqlScriptsTestExecutionListener, org.springframework.test.context.event.EventPublishingTestExecutionListener, org.springframework.security.test.context.support.WithSecurityContextTestExecutionListener, org.springframework.security.test.context.support.ReactorContextTestExecutionListener]
2022-11-02 15:21:35.052 [main] INFO  o.s.b.t.context.SpringBootTestContextBootstrapper - Using TestExecutionListeners: [org.springframework.test.context.web.ServletTestExecutionListener@5443d039, org.springframework.test.context.support.DirtiesContextBeforeModesTestExecutionListener@63787180, org.springframework.test.context.event.ApplicationEventsTestExecutionListener@7d1cfb8b, org.springframework.boot.test.mock.mockito.MockitoTestExecutionListener@48e92c5c, org.springframework.boot.test.autoconfigure.SpringBootDependencyInjectionTestExecutionListener@2e1ef60, org.springframework.test.context.support.DirtiesContextTestExecutionListener@22356acd, org.springframework.test.context.transaction.TransactionalTestExecutionListener@386f0da3, org.springframework.test.context.jdbc.SqlScriptsTestExecutionListener@39655d3e, org.springframework.test.context.event.EventPublishingTestExecutionListener@34f22f9d, org.springframework.security.test.context.support.WithSecurityContextTestExecutionListener@3d1848cc, org.springframework.security.test.context.support.ReactorContextTestExecutionListener@7dda48d9, org.springframework.boot.test.mock.mockito.ResetMocksTestExecutionListener@6e4566f1, org.springframework.boot.test.autoconfigure.restdocs.RestDocsTestExecutionListener@4b6e2263, org.springframework.boot.test.autoconfigure.web.client.MockRestServiceServerResetTestExecutionListener@344f4dea, org.springframework.boot.test.autoconfigure.web.servlet.MockMvcPrintOnlyOnFailureTestExecutionListener@1b7c473a, org.springframework.boot.test.autoconfigure.web.servlet.WebDriverTestExecutionListener@5e4bd84a, org.springframework.boot.test.autoconfigure.webservices.client.MockWebServiceServerTestExecutionListener@648c94da]
2022-11-02 15:21:35.568 [background-preinit] INFO  org.hibernate.validator.internal.util.Version - HV000001: Hibernate Validator 6.2.3.Final
2022-11-02 15:21:35.575 [main] INFO  c.weiho.scaffold.system.service.NoticeServiceTest - Starting NoticeServiceTest using Java 1.8.0_144 on LAPTOP-SR0899OB with PID 6556 (started by Weiho in E:\Graduation_ChouChou\Scaffold-Weiho\Scaffold\scaffold-system)
2022-11-02 15:21:35.575 [main] DEBUG c.weiho.scaffold.system.service.NoticeServiceTest - Running with Spring Boot v2.7.0, Spring v5.3.20
2022-11-02 15:21:35.576 [main] INFO  c.weiho.scaffold.system.service.NoticeServiceTest - No active profile set, falling back to 1 default profile: "default"
2022-11-02 15:21:37.290 [main] INFO  o.s.d.r.config.RepositoryConfigurationDelegate - Multiple Spring Data modules found, entering strict repository configuration mode!
2022-11-02 15:21:37.294 [main] INFO  o.s.d.r.config.RepositoryConfigurationDelegate - Bootstrapping Spring Data Redis repositories in DEFAULT mode.
2022-11-02 15:21:37.334 [main] INFO  o.s.d.r.config.RepositoryConfigurationDelegate - Finished Spring Data repository scanning in 24 ms. Found 0 Redis repository interfaces.
2022-11-02 15:21:39.223 [main] INFO  o.s.boot.web.embedded.tomcat.TomcatWebServer - Tomcat initialized with port(s): 0 (http)
2022-11-02 15:21:39.237 [main] INFO  org.apache.coyote.http11.Http11NioProtocol - Initializing ProtocolHandler ["http-nio-auto-1"]
2022-11-02 15:21:39.237 [main] INFO  org.apache.catalina.core.StandardService - Starting service [Tomcat]
2022-11-02 15:21:39.238 [main] INFO  org.apache.catalina.core.StandardEngine - Starting Servlet engine: [Apache Tomcat/9.0.63]
2022-11-02 15:21:39.400 [main] INFO  o.a.c.core.ContainerBase.[Tomcat].[localhost].[/] - Initializing Spring embedded WebApplicationContext
2022-11-02 15:21:39.400 [main] INFO  o.s.b.w.s.c.ServletWebServerApplicationContext - Root WebApplicationContext: initialization completed in 3785 ms
2022-11-02 15:21:39.966 [main] INFO  c.a.d.s.b.a.DruidDataSourceAutoConfigure - Init DruidDataSource
2022-11-02 15:21:40.499 [main] INFO  com.alibaba.druid.pool.DruidDataSource - {dataSource-1} inited
2022-11-02 15:21:44.595 [main] INFO  c.w.scaffold.common.config.swagger.SwaggerConfig - Swagger -> [Swagger接口文档分组 '需要token验证' 初始化]
2022-11-02 15:21:44.637 [main] INFO  c.w.scaffold.common.config.swagger.SwaggerConfig - Swagger -> [Swagger接口文档分组 '不需要token验证' 初始化]
2022-11-02 15:21:45.893 [main] INFO  o.s.security.web.DefaultSecurityFilterChain - Will secure any request with [org.springframework.security.web.session.DisableEncodeUrlFilter@1d6a0962, org.springframework.security.web.context.request.async.WebAsyncManagerIntegrationFilter@1ec4fdcf, org.springframework.security.web.context.SecurityContextPersistenceFilter@23aaa756, org.springframework.security.web.header.HeaderWriterFilter@5ac53209, org.springframework.security.web.authentication.logout.LogoutFilter@2f9236d8, org.springframework.web.filter.CorsFilter@45984654, com.weiho.scaffold.system.security.token.filter.TokenFilter@515d615, org.springframework.security.web.savedrequest.RequestCacheAwareFilter@1c36ab22, org.springframework.security.web.servletapi.SecurityContextHolderAwareRequestFilter@556843a5, org.springframework.security.web.authentication.AnonymousAuthenticationFilter@488b46da, org.springframework.security.web.session.SessionManagementFilter@792eeae6, org.springframework.security.web.access.ExceptionTranslationFilter@2af3b054, org.springframework.security.web.access.intercept.FilterSecurityInterceptor@74faf450]
2022-11-02 15:21:46.296 [main] INFO  com.weiho.scaffold.redis.config.RedisConfig - Redis -> [Redis缓存错误处理程序初始化]
2022-11-02 15:21:47.141 [main] INFO  org.apache.coyote.http11.Http11NioProtocol - Starting ProtocolHandler ["http-nio-auto-1"]
2022-11-02 15:21:47.166 [main] INFO  o.a.c.core.ContainerBase.[Tomcat].[localhost].[/] - Initializing Spring DispatcherServlet 'dispatcherServlet'
2022-11-02 15:21:47.166 [main] INFO  org.springframework.web.servlet.DispatcherServlet - Initializing Servlet 'dispatcherServlet'
2022-11-02 15:21:47.168 [main] INFO  org.springframework.web.servlet.DispatcherServlet - Completed initialization in 2 ms
2022-11-02 15:21:47.169 [main] INFO  o.s.boot.web.embedded.tomcat.TomcatWebServer - Tomcat started on port(s): 24650 (http) with context path ''
2022-11-02 15:21:47.772 [main] INFO  o.s.a.rabbit.connection.CachingConnectionFactory - Attempting to connect to: [192.168.137.128:5672]
2022-11-02 15:21:47.838 [main] INFO  o.s.a.rabbit.connection.CachingConnectionFactory - Created new connection: rabbitConnectionFactory#231d3ce:0/SimpleConnection@5478597 [delegate=amqp://admin@192.168.137.128:5672/, localPort= 24653]
2022-11-02 15:21:47.930 [main] INFO  c.weiho.scaffold.system.service.NoticeServiceTest - Started NoticeServiceTest in 12.831 seconds (JVM running for 14.41)
2022-11-02 15:21:48.364 [main] DEBUG c.w.scaffold.system.mapper.NoticeMapper.selectList - ==>  Preparing: SELECT distinct user_id FROM notice WHERE is_del=0
2022-11-02 15:21:48.383 [main] DEBUG c.w.scaffold.system.mapper.NoticeMapper.selectList - ==> Parameters: 
2022-11-02 15:21:48.399 [main] DEBUG c.w.scaffold.system.mapper.NoticeMapper.selectList - <==      Total: 2
2022-11-02 15:21:48.424 [org.springframework.amqp.rabbit.RabbitListenerEndpointContainer#0-2] INFO  o.s.a.r.listener.SimpleMessageListenerContainer - Waiting for workers to finish.
2022-11-02 15:21:48.922 [org.springframework.amqp.rabbit.RabbitListenerEndpointContainer#0-2] INFO  o.s.a.r.listener.SimpleMessageListenerContainer - Successfully waited for workers to finish.
2022-11-02 15:21:49.121 [SpringApplicationShutdownHook] INFO  o.s.a.r.listener.SimpleMessageListenerContainer - Shutdown ignored - container is already stopped
2022-11-02 15:21:49.122 [SpringApplicationShutdownHook] INFO  c.w.s.common.util.spring.SpringContextHolder - SpringContextHolder -> [清除SpringContextHolder中的ApplicationContext:org.springframework.boot.web.servlet.context.AnnotationConfigServletWebServerApplicationContext@6928f576, started on Wed Nov 02 15:21:35 GMT+08:00 2022]
2022-11-02 15:21:49.181 [SpringApplicationShutdownHook] INFO  com.alibaba.druid.pool.DruidDataSource - {dataSource-1} closing ...
2022-11-02 15:21:49.189 [SpringApplicationShutdownHook] INFO  com.alibaba.druid.pool.DruidDataSource - {dataSource-1} closed
2022-11-02 15:25:07.568 [main] INFO  o.s.b.t.context.SpringBootTestContextBootstrapper - Neither @ContextConfiguration nor @ContextHierarchy found for test class [com.weiho.scaffold.system.service.NoticeServiceTest], using SpringBootContextLoader
2022-11-02 15:25:07.578 [main] INFO  o.s.test.context.support.AbstractContextLoader - Could not detect default resource locations for test class [com.weiho.scaffold.system.service.NoticeServiceTest]: no resource found for suffixes {-context.xml, Context.groovy}.
2022-11-02 15:25:07.579 [main] INFO  o.s.t.c.support.AnnotationConfigContextLoaderUtils - Could not detect default configuration classes for test class [com.weiho.scaffold.system.service.NoticeServiceTest]: NoticeServiceTest does not declare any static, non-private, non-final, nested classes annotated with @Configuration.
2022-11-02 15:25:07.749 [main] INFO  o.s.b.t.context.SpringBootTestContextBootstrapper - Found @SpringBootConfiguration com.weiho.scaffold.system.AppRun for test class com.weiho.scaffold.system.service.NoticeServiceTest
2022-11-02 15:25:07.892 [main] INFO  o.s.b.t.context.SpringBootTestContextBootstrapper - Loaded default TestExecutionListener class names from location [META-INF/spring.factories]: [org.springframework.boot.test.mock.mockito.MockitoTestExecutionListener, org.springframework.boot.test.mock.mockito.ResetMocksTestExecutionListener, org.springframework.boot.test.autoconfigure.restdocs.RestDocsTestExecutionListener, org.springframework.boot.test.autoconfigure.web.client.MockRestServiceServerResetTestExecutionListener, org.springframework.boot.test.autoconfigure.web.servlet.MockMvcPrintOnlyOnFailureTestExecutionListener, org.springframework.boot.test.autoconfigure.web.servlet.WebDriverTestExecutionListener, org.springframework.boot.test.autoconfigure.webservices.client.MockWebServiceServerTestExecutionListener, org.springframework.test.context.web.ServletTestExecutionListener, org.springframework.test.context.support.DirtiesContextBeforeModesTestExecutionListener, org.springframework.test.context.event.ApplicationEventsTestExecutionListener, org.springframework.test.context.support.DependencyInjectionTestExecutionListener, org.springframework.test.context.support.DirtiesContextTestExecutionListener, org.springframework.test.context.transaction.TransactionalTestExecutionListener, org.springframework.test.context.jdbc.SqlScriptsTestExecutionListener, org.springframework.test.context.event.EventPublishingTestExecutionListener, org.springframework.security.test.context.support.WithSecurityContextTestExecutionListener, org.springframework.security.test.context.support.ReactorContextTestExecutionListener]
2022-11-02 15:25:07.922 [main] INFO  o.s.b.t.context.SpringBootTestContextBootstrapper - Using TestExecutionListeners: [org.springframework.test.context.web.ServletTestExecutionListener@5443d039, org.springframework.test.context.support.DirtiesContextBeforeModesTestExecutionListener@63787180, org.springframework.test.context.event.ApplicationEventsTestExecutionListener@7d1cfb8b, org.springframework.boot.test.mock.mockito.MockitoTestExecutionListener@48e92c5c, org.springframework.boot.test.autoconfigure.SpringBootDependencyInjectionTestExecutionListener@2e1ef60, org.springframework.test.context.support.DirtiesContextTestExecutionListener@22356acd, org.springframework.test.context.transaction.TransactionalTestExecutionListener@386f0da3, org.springframework.test.context.jdbc.SqlScriptsTestExecutionListener@39655d3e, org.springframework.test.context.event.EventPublishingTestExecutionListener@34f22f9d, org.springframework.security.test.context.support.WithSecurityContextTestExecutionListener@3d1848cc, org.springframework.security.test.context.support.ReactorContextTestExecutionListener@7dda48d9, org.springframework.boot.test.mock.mockito.ResetMocksTestExecutionListener@6e4566f1, org.springframework.boot.test.autoconfigure.restdocs.RestDocsTestExecutionListener@4b6e2263, org.springframework.boot.test.autoconfigure.web.client.MockRestServiceServerResetTestExecutionListener@344f4dea, org.springframework.boot.test.autoconfigure.web.servlet.MockMvcPrintOnlyOnFailureTestExecutionListener@1b7c473a, org.springframework.boot.test.autoconfigure.web.servlet.WebDriverTestExecutionListener@5e4bd84a, org.springframework.boot.test.autoconfigure.webservices.client.MockWebServiceServerTestExecutionListener@648c94da]
2022-11-02 15:25:08.374 [background-preinit] INFO  org.hibernate.validator.internal.util.Version - HV000001: Hibernate Validator 6.2.3.Final
2022-11-02 15:25:08.386 [main] INFO  c.weiho.scaffold.system.service.NoticeServiceTest - Starting NoticeServiceTest using Java 1.8.0_144 on LAPTOP-SR0899OB with PID 16736 (started by Weiho in E:\Graduation_ChouChou\Scaffold-Weiho\Scaffold\scaffold-system)
2022-11-02 15:25:08.386 [main] DEBUG c.weiho.scaffold.system.service.NoticeServiceTest - Running with Spring Boot v2.7.0, Spring v5.3.20
2022-11-02 15:25:08.387 [main] INFO  c.weiho.scaffold.system.service.NoticeServiceTest - No active profile set, falling back to 1 default profile: "default"
2022-11-02 15:25:09.766 [main] INFO  o.s.d.r.config.RepositoryConfigurationDelegate - Multiple Spring Data modules found, entering strict repository configuration mode!
2022-11-02 15:25:09.769 [main] INFO  o.s.d.r.config.RepositoryConfigurationDelegate - Bootstrapping Spring Data Redis repositories in DEFAULT mode.
2022-11-02 15:25:09.802 [main] INFO  o.s.d.r.config.RepositoryConfigurationDelegate - Finished Spring Data repository scanning in 20 ms. Found 0 Redis repository interfaces.
2022-11-02 15:25:11.488 [main] INFO  o.s.boot.web.embedded.tomcat.TomcatWebServer - Tomcat initialized with port(s): 0 (http)
2022-11-02 15:25:11.500 [main] INFO  org.apache.coyote.http11.Http11NioProtocol - Initializing ProtocolHandler ["http-nio-auto-1"]
2022-11-02 15:25:11.500 [main] INFO  org.apache.catalina.core.StandardService - Starting service [Tomcat]
2022-11-02 15:25:11.500 [main] INFO  org.apache.catalina.core.StandardEngine - Starting Servlet engine: [Apache Tomcat/9.0.63]
2022-11-02 15:25:11.677 [main] INFO  o.a.c.core.ContainerBase.[Tomcat].[localhost].[/] - Initializing Spring embedded WebApplicationContext
2022-11-02 15:25:11.677 [main] INFO  o.s.b.w.s.c.ServletWebServerApplicationContext - Root WebApplicationContext: initialization completed in 3255 ms
2022-11-02 15:25:12.521 [main] INFO  c.a.d.s.b.a.DruidDataSourceAutoConfigure - Init DruidDataSource
2022-11-02 15:25:13.147 [main] INFO  com.alibaba.druid.pool.DruidDataSource - {dataSource-1} inited
2022-11-02 15:25:16.899 [main] INFO  c.w.scaffold.common.config.swagger.SwaggerConfig - Swagger -> [Swagger接口文档分组 '需要token验证' 初始化]
2022-11-02 15:25:16.939 [main] INFO  c.w.scaffold.common.config.swagger.SwaggerConfig - Swagger -> [Swagger接口文档分组 '不需要token验证' 初始化]
2022-11-02 15:25:18.081 [main] INFO  o.s.security.web.DefaultSecurityFilterChain - Will secure any request with [org.springframework.security.web.session.DisableEncodeUrlFilter@2f4fc18, org.springframework.security.web.context.request.async.WebAsyncManagerIntegrationFilter@7187078a, org.springframework.security.web.context.SecurityContextPersistenceFilter@2d117280, org.springframework.security.web.header.HeaderWriterFilter@67e1a5fd, org.springframework.security.web.authentication.logout.LogoutFilter@46d18a33, org.springframework.web.filter.CorsFilter@45984654, com.weiho.scaffold.system.security.token.filter.TokenFilter@6e612122, org.springframework.security.web.savedrequest.RequestCacheAwareFilter@3adeca1f, org.springframework.security.web.servletapi.SecurityContextHolderAwareRequestFilter@848d9bc, org.springframework.security.web.authentication.AnonymousAuthenticationFilter@1d38cdde, org.springframework.security.web.session.SessionManagementFilter@58932d08, org.springframework.security.web.access.ExceptionTranslationFilter@69e8b711, org.springframework.security.web.access.intercept.FilterSecurityInterceptor@2a4bd699]
2022-11-02 15:25:18.416 [main] INFO  com.weiho.scaffold.redis.config.RedisConfig - Redis -> [Redis缓存错误处理程序初始化]
2022-11-02 15:25:19.196 [main] INFO  org.apache.coyote.http11.Http11NioProtocol - Starting ProtocolHandler ["http-nio-auto-1"]
2022-11-02 15:25:19.219 [main] INFO  o.a.c.core.ContainerBase.[Tomcat].[localhost].[/] - Initializing Spring DispatcherServlet 'dispatcherServlet'
2022-11-02 15:25:19.219 [main] INFO  org.springframework.web.servlet.DispatcherServlet - Initializing Servlet 'dispatcherServlet'
2022-11-02 15:25:19.221 [main] INFO  org.springframework.web.servlet.DispatcherServlet - Completed initialization in 2 ms
2022-11-02 15:25:19.222 [main] INFO  o.s.boot.web.embedded.tomcat.TomcatWebServer - Tomcat started on port(s): 24747 (http) with context path ''
2022-11-02 15:25:19.812 [main] INFO  o.s.a.rabbit.connection.CachingConnectionFactory - Attempting to connect to: [192.168.137.128:5672]
2022-11-02 15:25:19.905 [main] INFO  o.s.a.rabbit.connection.CachingConnectionFactory - Created new connection: rabbitConnectionFactory#4f9213d2:0/SimpleConnection@43c3354 [delegate=amqp://admin@192.168.137.128:5672/, localPort= 24750]
2022-11-02 15:25:19.973 [main] INFO  c.weiho.scaffold.system.service.NoticeServiceTest - Started NoticeServiceTest in 12.001 seconds (JVM running for 13.405)
2022-11-02 15:25:20.325 [main] DEBUG c.w.scaffold.system.mapper.NoticeMapper.selectList - ==>  Preparing: SELECT distinct user_id FROM notice WHERE is_del=0
2022-11-02 15:25:20.341 [main] DEBUG c.w.scaffold.system.mapper.NoticeMapper.selectList - ==> Parameters: 
2022-11-02 15:25:20.353 [main] DEBUG c.w.scaffold.system.mapper.NoticeMapper.selectList - <==      Total: 2
2022-11-02 15:25:20.357 [main] DEBUG c.w.scaffold.system.mapper.UserMapper.selectById - ==>  Preparing: SELECT id,avatar_id,username,password,sex,email,phone,enabled,last_pass_reset_time,create_time,update_time,is_del FROM user WHERE id=? AND is_del=0
2022-11-02 15:25:20.358 [main] DEBUG c.w.scaffold.system.mapper.UserMapper.selectById - ==> Parameters: 1(Long)
2022-11-02 15:25:20.398 [main] DEBUG c.w.scaffold.system.mapper.UserMapper.selectById - <==      Total: 1
2022-11-02 15:25:20.399 [main] DEBUG c.w.scaffold.system.mapper.UserMapper.selectById - ==>  Preparing: SELECT id,avatar_id,username,password,sex,email,phone,enabled,last_pass_reset_time,create_time,update_time,is_del FROM user WHERE id=? AND is_del=0
2022-11-02 15:25:20.399 [main] DEBUG c.w.scaffold.system.mapper.UserMapper.selectById - ==> Parameters: 4(Long)
2022-11-02 15:25:20.402 [main] DEBUG c.w.scaffold.system.mapper.UserMapper.selectById - <==      Total: 1
2022-11-02 15:25:20.423 [org.springframework.amqp.rabbit.RabbitListenerEndpointContainer#0-2] INFO  o.s.a.r.listener.SimpleMessageListenerContainer - Waiting for workers to finish.
2022-11-02 15:25:20.965 [org.springframework.amqp.rabbit.RabbitListenerEndpointContainer#0-2] INFO  o.s.a.r.listener.SimpleMessageListenerContainer - Successfully waited for workers to finish.
2022-11-02 15:25:21.178 [SpringApplicationShutdownHook] INFO  o.s.a.r.listener.SimpleMessageListenerContainer - Shutdown ignored - container is already stopped
2022-11-02 15:25:21.179 [SpringApplicationShutdownHook] INFO  c.w.s.common.util.spring.SpringContextHolder - SpringContextHolder -> [清除SpringContextHolder中的ApplicationContext:org.springframework.boot.web.servlet.context.AnnotationConfigServletWebServerApplicationContext@6928f576, started on Wed Nov 02 15:25:08 GMT+08:00 2022]
2022-11-02 15:25:21.204 [SpringApplicationShutdownHook] INFO  com.alibaba.druid.pool.DruidDataSource - {dataSource-1} closing ...
2022-11-02 15:25:21.211 [SpringApplicationShutdownHook] INFO  com.alibaba.druid.pool.DruidDataSource - {dataSource-1} closed
2022-11-02 15:27:30.203 [main] INFO  o.s.b.t.context.SpringBootTestContextBootstrapper - Neither @ContextConfiguration nor @ContextHierarchy found for test class [com.weiho.scaffold.system.service.NoticeServiceTest], using SpringBootContextLoader
2022-11-02 15:27:30.213 [main] INFO  o.s.test.context.support.AbstractContextLoader - Could not detect default resource locations for test class [com.weiho.scaffold.system.service.NoticeServiceTest]: no resource found for suffixes {-context.xml, Context.groovy}.
2022-11-02 15:27:30.213 [main] INFO  o.s.t.c.support.AnnotationConfigContextLoaderUtils - Could not detect default configuration classes for test class [com.weiho.scaffold.system.service.NoticeServiceTest]: NoticeServiceTest does not declare any static, non-private, non-final, nested classes annotated with @Configuration.
2022-11-02 15:27:30.404 [main] INFO  o.s.b.t.context.SpringBootTestContextBootstrapper - Found @SpringBootConfiguration com.weiho.scaffold.system.AppRun for test class com.weiho.scaffold.system.service.NoticeServiceTest
2022-11-02 15:27:30.551 [main] INFO  o.s.b.t.context.SpringBootTestContextBootstrapper - Loaded default TestExecutionListener class names from location [META-INF/spring.factories]: [org.springframework.boot.test.mock.mockito.MockitoTestExecutionListener, org.springframework.boot.test.mock.mockito.ResetMocksTestExecutionListener, org.springframework.boot.test.autoconfigure.restdocs.RestDocsTestExecutionListener, org.springframework.boot.test.autoconfigure.web.client.MockRestServiceServerResetTestExecutionListener, org.springframework.boot.test.autoconfigure.web.servlet.MockMvcPrintOnlyOnFailureTestExecutionListener, org.springframework.boot.test.autoconfigure.web.servlet.WebDriverTestExecutionListener, org.springframework.boot.test.autoconfigure.webservices.client.MockWebServiceServerTestExecutionListener, org.springframework.test.context.web.ServletTestExecutionListener, org.springframework.test.context.support.DirtiesContextBeforeModesTestExecutionListener, org.springframework.test.context.event.ApplicationEventsTestExecutionListener, org.springframework.test.context.support.DependencyInjectionTestExecutionListener, org.springframework.test.context.support.DirtiesContextTestExecutionListener, org.springframework.test.context.transaction.TransactionalTestExecutionListener, org.springframework.test.context.jdbc.SqlScriptsTestExecutionListener, org.springframework.test.context.event.EventPublishingTestExecutionListener, org.springframework.security.test.context.support.WithSecurityContextTestExecutionListener, org.springframework.security.test.context.support.ReactorContextTestExecutionListener]
2022-11-02 15:27:30.586 [main] INFO  o.s.b.t.context.SpringBootTestContextBootstrapper - Using TestExecutionListeners: [org.springframework.test.context.web.ServletTestExecutionListener@5443d039, org.springframework.test.context.support.DirtiesContextBeforeModesTestExecutionListener@63787180, org.springframework.test.context.event.ApplicationEventsTestExecutionListener@7d1cfb8b, org.springframework.boot.test.mock.mockito.MockitoTestExecutionListener@48e92c5c, org.springframework.boot.test.autoconfigure.SpringBootDependencyInjectionTestExecutionListener@2e1ef60, org.springframework.test.context.support.DirtiesContextTestExecutionListener@22356acd, org.springframework.test.context.transaction.TransactionalTestExecutionListener@386f0da3, org.springframework.test.context.jdbc.SqlScriptsTestExecutionListener@39655d3e, org.springframework.test.context.event.EventPublishingTestExecutionListener@34f22f9d, org.springframework.security.test.context.support.WithSecurityContextTestExecutionListener@3d1848cc, org.springframework.security.test.context.support.ReactorContextTestExecutionListener@7dda48d9, org.springframework.boot.test.mock.mockito.ResetMocksTestExecutionListener@6e4566f1, org.springframework.boot.test.autoconfigure.restdocs.RestDocsTestExecutionListener@4b6e2263, org.springframework.boot.test.autoconfigure.web.client.MockRestServiceServerResetTestExecutionListener@344f4dea, org.springframework.boot.test.autoconfigure.web.servlet.MockMvcPrintOnlyOnFailureTestExecutionListener@1b7c473a, org.springframework.boot.test.autoconfigure.web.servlet.WebDriverTestExecutionListener@5e4bd84a, org.springframework.boot.test.autoconfigure.webservices.client.MockWebServiceServerTestExecutionListener@648c94da]
2022-11-02 15:27:31.117 [background-preinit] INFO  org.hibernate.validator.internal.util.Version - HV000001: Hibernate Validator 6.2.3.Final
2022-11-02 15:27:31.119 [main] INFO  c.weiho.scaffold.system.service.NoticeServiceTest - Starting NoticeServiceTest using Java 1.8.0_144 on LAPTOP-SR0899OB with PID 23464 (started by Weiho in E:\Graduation_ChouChou\Scaffold-Weiho\Scaffold\scaffold-system)
2022-11-02 15:27:31.119 [main] DEBUG c.weiho.scaffold.system.service.NoticeServiceTest - Running with Spring Boot v2.7.0, Spring v5.3.20
2022-11-02 15:27:31.119 [main] INFO  c.weiho.scaffold.system.service.NoticeServiceTest - No active profile set, falling back to 1 default profile: "default"
2022-11-02 15:27:32.441 [main] INFO  o.s.d.r.config.RepositoryConfigurationDelegate - Multiple Spring Data modules found, entering strict repository configuration mode!
2022-11-02 15:27:32.444 [main] INFO  o.s.d.r.config.RepositoryConfigurationDelegate - Bootstrapping Spring Data Redis repositories in DEFAULT mode.
2022-11-02 15:27:32.476 [main] INFO  o.s.d.r.config.RepositoryConfigurationDelegate - Finished Spring Data repository scanning in 20 ms. Found 0 Redis repository interfaces.
2022-11-02 15:27:34.365 [main] INFO  o.s.boot.web.embedded.tomcat.TomcatWebServer - Tomcat initialized with port(s): 0 (http)
2022-11-02 15:27:34.381 [main] INFO  org.apache.coyote.http11.Http11NioProtocol - Initializing ProtocolHandler ["http-nio-auto-1"]
2022-11-02 15:27:34.382 [main] INFO  org.apache.catalina.core.StandardService - Starting service [Tomcat]
2022-11-02 15:27:34.382 [main] INFO  org.apache.catalina.core.StandardEngine - Starting Servlet engine: [Apache Tomcat/9.0.63]
2022-11-02 15:27:34.580 [main] INFO  o.a.c.core.ContainerBase.[Tomcat].[localhost].[/] - Initializing Spring embedded WebApplicationContext
2022-11-02 15:27:34.580 [main] INFO  o.s.b.w.s.c.ServletWebServerApplicationContext - Root WebApplicationContext: initialization completed in 3419 ms
2022-11-02 15:27:35.179 [main] INFO  c.a.d.s.b.a.DruidDataSourceAutoConfigure - Init DruidDataSource
2022-11-02 15:27:35.803 [main] INFO  com.alibaba.druid.pool.DruidDataSource - {dataSource-1} inited
2022-11-02 15:27:39.593 [main] INFO  c.w.scaffold.common.config.swagger.SwaggerConfig - Swagger -> [Swagger接口文档分组 '需要token验证' 初始化]
2022-11-02 15:27:39.631 [main] INFO  c.w.scaffold.common.config.swagger.SwaggerConfig - Swagger -> [Swagger接口文档分组 '不需要token验证' 初始化]
2022-11-02 15:27:40.709 [main] INFO  o.s.security.web.DefaultSecurityFilterChain - Will secure any request with [org.springframework.security.web.session.DisableEncodeUrlFilter@7f5f7731, org.springframework.security.web.context.request.async.WebAsyncManagerIntegrationFilter@6a4f7c17, org.springframework.security.web.context.SecurityContextPersistenceFilter@59c00010, org.springframework.security.web.header.HeaderWriterFilter@4a094f90, org.springframework.security.web.authentication.logout.LogoutFilter@2ec23ec3, org.springframework.web.filter.CorsFilter@45984654, com.weiho.scaffold.system.security.token.filter.TokenFilter@584fb03d, org.springframework.security.web.savedrequest.RequestCacheAwareFilter@5ac53209, org.springframework.security.web.servletapi.SecurityContextHolderAwareRequestFilter@368ff8be, org.springframework.security.web.authentication.AnonymousAuthenticationFilter@563392e5, org.springframework.security.web.session.SessionManagementFilter@261b6c8c, org.springframework.security.web.access.ExceptionTranslationFilter@61d61b0e, org.springframework.security.web.access.intercept.FilterSecurityInterceptor@bd09a26]
2022-11-02 15:27:41.055 [main] INFO  com.weiho.scaffold.redis.config.RedisConfig - Redis -> [Redis缓存错误处理程序初始化]
2022-11-02 15:27:41.827 [main] INFO  org.apache.coyote.http11.Http11NioProtocol - Starting ProtocolHandler ["http-nio-auto-1"]
2022-11-02 15:27:41.853 [main] INFO  o.a.c.core.ContainerBase.[Tomcat].[localhost].[/] - Initializing Spring DispatcherServlet 'dispatcherServlet'
2022-11-02 15:27:41.853 [main] INFO  org.springframework.web.servlet.DispatcherServlet - Initializing Servlet 'dispatcherServlet'
2022-11-02 15:27:41.856 [main] INFO  org.springframework.web.servlet.DispatcherServlet - Completed initialization in 2 ms
2022-11-02 15:27:41.857 [main] INFO  o.s.boot.web.embedded.tomcat.TomcatWebServer - Tomcat started on port(s): 24835 (http) with context path ''
2022-11-02 15:27:42.492 [main] INFO  o.s.a.rabbit.connection.CachingConnectionFactory - Attempting to connect to: [192.168.137.128:5672]
2022-11-02 15:27:42.575 [main] INFO  o.s.a.rabbit.connection.CachingConnectionFactory - Created new connection: rabbitConnectionFactory#231d3ce:0/SimpleConnection@16e0afab [delegate=amqp://admin@192.168.137.128:5672/, localPort= 24838]
2022-11-02 15:27:42.646 [main] INFO  c.weiho.scaffold.system.service.NoticeServiceTest - Started NoticeServiceTest in 12.015 seconds (JVM running for 13.46)
2022-11-02 15:27:42.989 [main] DEBUG c.w.scaffold.system.mapper.NoticeMapper.selectList - ==>  Preparing: SELECT distinct user_id FROM notice WHERE is_del=0
2022-11-02 15:27:43.007 [main] DEBUG c.w.scaffold.system.mapper.NoticeMapper.selectList - ==> Parameters: 
2022-11-02 15:27:43.020 [main] DEBUG c.w.scaffold.system.mapper.NoticeMapper.selectList - <==      Total: 2
2022-11-02 15:27:43.024 [main] DEBUG c.w.scaffold.system.mapper.UserMapper.selectById - ==>  Preparing: SELECT id,avatar_id,username,password,sex,email,phone,enabled,last_pass_reset_time,create_time,update_time,is_del FROM user WHERE id=? AND is_del=0
2022-11-02 15:27:43.025 [main] DEBUG c.w.scaffold.system.mapper.UserMapper.selectById - ==> Parameters: 1(Long)
2022-11-02 15:27:43.062 [main] DEBUG c.w.scaffold.system.mapper.UserMapper.selectById - <==      Total: 1
2022-11-02 15:27:43.062 [main] DEBUG c.w.scaffold.system.mapper.UserMapper.selectById - ==>  Preparing: SELECT id,avatar_id,username,password,sex,email,phone,enabled,last_pass_reset_time,create_time,update_time,is_del FROM user WHERE id=? AND is_del=0
2022-11-02 15:27:43.063 [main] DEBUG c.w.scaffold.system.mapper.UserMapper.selectById - ==> Parameters: 4(Long)
2022-11-02 15:27:43.065 [main] DEBUG c.w.scaffold.system.mapper.UserMapper.selectById - <==      Total: 1
2022-11-02 15:27:43.085 [org.springframework.amqp.rabbit.RabbitListenerEndpointContainer#0-2] INFO  o.s.a.r.listener.SimpleMessageListenerContainer - Waiting for workers to finish.
2022-11-02 15:27:43.635 [org.springframework.amqp.rabbit.RabbitListenerEndpointContainer#0-2] INFO  o.s.a.r.listener.SimpleMessageListenerContainer - Successfully waited for workers to finish.
2022-11-02 15:27:43.833 [SpringApplicationShutdownHook] INFO  o.s.a.r.listener.SimpleMessageListenerContainer - Shutdown ignored - container is already stopped
2022-11-02 15:27:43.833 [SpringApplicationShutdownHook] INFO  c.w.s.common.util.spring.SpringContextHolder - SpringContextHolder -> [清除SpringContextHolder中的ApplicationContext:org.springframework.boot.web.servlet.context.AnnotationConfigServletWebServerApplicationContext@6928f576, started on Wed Nov 02 15:27:31 GMT+08:00 2022]
2022-11-02 15:27:43.856 [SpringApplicationShutdownHook] INFO  com.alibaba.druid.pool.DruidDataSource - {dataSource-1} closing ...
2022-11-02 15:27:43.863 [SpringApplicationShutdownHook] INFO  com.alibaba.druid.pool.DruidDataSource - {dataSource-1} closed
